[MainThread] [2022-12-27 18:48:52,263] [INFO] [main.py] [Line 38] Loaded ./configuration.yaml into config SimpleNamespace
[MainThread] [2022-12-27 18:48:52,264] [INFO] [main.py] [Line 40] Connection to database (http://localhost:8090) was successful.
[MainThread] [2022-12-27 18:48:54,297] [INFO] [exec_single_account.py] [Line 26] Current Account: id='gf8zfvivkns26m3' email='aryan@aryankothari.dev' password='r##8cy@Ky7b8c?!i' points=0 lastExec=datetime.datetime(2022, 12, 30, 12, 0, tzinfo=datetime.timezone.utc)
[MainThread] [2022-12-27 18:48:55,529] [INFO] [exec_single_account.py] [Line 33] Attempting login...
[MainThread] [2022-12-27 18:48:55,529] [INFO] [login.py] [Line 72] Navigating to https://login.live.com/
[MainThread] [2022-12-27 18:48:56,509] [INFO] [login.py] [Line 82] Writing email...
[MainThread] [2022-12-27 18:48:58,601] [INFO] [login.py] [Line 114] Writing password...
[MainThread] [2022-12-27 18:49:03,804] [INFO] [login.py] [Line 131] Passing security checks...
[MainThread] [2022-12-27 18:49:03,811] [WARNING] [login.py] [Line 135] iLandingViewAction element is unreachable.. Message: Message: no such element: Unable to locate element: {"method":"css selector","selector":"[id="iLandingViewAction"]"}
  (Session info: chrome=108.0.5359.125)
Stacktrace:
Backtrace:
	(No symbol) [0x00FDF243]
	(No symbol) [0x00F67FD1]
	(No symbol) [0x00E5D04D]
	(No symbol) [0x00E8C0B0]
	(No symbol) [0x00E8C22B]
	(No symbol) [0x00EBE612]
	(No symbol) [0x00EA85D4]
	(No symbol) [0x00EBC9EB]
	(No symbol) [0x00EA8386]
	(No symbol) [0x00E8163C]
	(No symbol) [0x00E8269D]
	GetHandleVerifier [0x01279A22+2655074]
	GetHandleVerifier [0x0126CA24+2601828]
	GetHandleVerifier [0x01088C0A+619850]
	GetHandleVerifier [0x01087830+614768]
	(No symbol) [0x00F705FC]
	(No symbol) [0x00F75968]
	(No symbol) [0x00F75A55]
	(No symbol) [0x00F8051B]
	BaseThreadInitThunk [0x75017BA9+25]
	RtlInitializeExceptionChain [0x7732BB3B+107]
	RtlClearBits [0x7732BABF+191]

[MainThread] [2022-12-27 18:49:03,817] [WARNING] [login.py] [Line 139] iNext element is unreachable.. Message: Message: no such element: Unable to locate element: {"method":"css selector","selector":"[id="iNext"]"}
  (Session info: chrome=108.0.5359.125)
Stacktrace:
Backtrace:
	(No symbol) [0x00FDF243]
	(No symbol) [0x00F67FD1]
	(No symbol) [0x00E5D04D]
	(No symbol) [0x00E8C0B0]
	(No symbol) [0x00E8C22B]
	(No symbol) [0x00EBE612]
	(No symbol) [0x00EA85D4]
	(No symbol) [0x00EBC9EB]
	(No symbol) [0x00EA8386]
	(No symbol) [0x00E8163C]
	(No symbol) [0x00E8269D]
	GetHandleVerifier [0x01279A22+2655074]
	GetHandleVerifier [0x0126CA24+2601828]
	GetHandleVerifier [0x01088C0A+619850]
	GetHandleVerifier [0x01087830+614768]
	(No symbol) [0x00F705FC]
	(No symbol) [0x00F75968]
	(No symbol) [0x00F75A55]
	(No symbol) [0x00F8051B]
	BaseThreadInitThunk [0x75017BA9+25]
	RtlInitializeExceptionChain [0x7732BB3B+107]
	RtlClearBits [0x7732BABF+191]

[MainThread] [2022-12-27 18:49:11,951] [INFO] [login.py] [Line 160] Validating Bing login state...
[MainThread] [2022-12-27 18:49:12,119] [INFO] [checkBingLogin.py] [Line 102] Waiting for browser to load login evidence
[MainThread] [2022-12-27 18:49:12,769] [INFO] [exec_single_account.py] [Line 41] Successfully authenticated. 
[MainThread] [2022-12-27 18:49:12,769] [INFO] [exec_single_account.py] [Line 42] Navigating to https://account.microsoft.com/
[MainThread] [2022-12-27 18:49:26,019] [INFO] [isMicrosoftRewards.py] [Line 23] URL is valid.
[MainThread] [2022-12-27 18:49:26,019] [INFO] [getDashboardData.py] [Line 24] loading dashboard data
[MainThread] [2022-12-27 18:49:28,194] [INFO] [exec_single_account.py] [Line 57] Current Points: 445
[MainThread] [2022-12-27 18:49:29,510] [INFO] [exec_single_account.py] [Line 62] Setup complete. Starting point collection process.
[MainThread] [2022-12-27 18:49:29,510] [INFO] [exec_single_account.py] [Line 65] (1/5) Completing DAILY SET
[MainThread] [2022-12-27 18:49:29,510] [INFO] [getDashboardData.py] [Line 24] loading dashboard data
[MainThread] [2022-12-27 18:49:29,711] [INFO] [completeDailySet.py] [Line 70] Successfully loaded correct dashboard data.
[MainThread] [2022-12-27 18:49:29,711] [INFO] [exec_single_account.py] [Line 71] Successfully completed DAILY SET
[MainThread] [2022-12-27 18:49:29,711] [INFO] [exec_single_account.py] [Line 74] (2/5) Completing PUNCH CARDS
[MainThread] [2022-12-27 18:49:29,885] [INFO] [completePunchCards.py] [Line 47] Completing single punch card
[MainThread] [2022-12-27 18:49:29,886] [INFO] [completePunchCard.py] [Line 52] Navigating to punch card url: https://rewards.microsoft.com/dashboard/ENCA_pcparent_FY23Christmas_punchcard
[MainThread] [2022-12-27 18:49:30,575] [INFO] [completePunchCard.py] [Line 55] Completing single childPromotion
[MainThread] [2022-12-27 18:49:39,659] [CRITICAL] [completePunchCards.py] [Line 59] Uncaught exception in completing punch cards. Likely malformed data. Resetting tabs
[MainThread] [2022-12-27 18:49:42,801] [INFO] [completePunchCards.py] [Line 47] Completing single punch card
[MainThread] [2022-12-27 18:49:42,801] [INFO] [completePunchCard.py] [Line 52] Navigating to punch card url: https://rewards.microsoft.com/dashboard/ENCA_xboxapp_pcparent_MoviesandTV_Dec_2022
[MainThread] [2022-12-27 18:49:43,455] [INFO] [completePunchCard.py] [Line 55] Completing single childPromotion
[MainThread] [2022-12-27 18:49:43,455] [INFO] [completePunchCard.py] [Line 55] Completing single childPromotion
[MainThread] [2022-12-27 18:49:43,455] [INFO] [completePunchCard.py] [Line 55] Completing single childPromotion
[MainThread] [2022-12-27 18:49:43,455] [INFO] [completePunchCards.py] [Line 47] Completing single punch card
[MainThread] [2022-12-27 18:49:43,455] [INFO] [completePunchCard.py] [Line 52] Navigating to punch card url: https://rewards.microsoft.com/dashboard/ENCA_xboxapp_pcparent_CSDec22_punchcard
[MainThread] [2022-12-27 18:49:43,835] [INFO] [completePunchCard.py] [Line 55] Completing single childPromotion
[MainThread] [2022-12-27 18:49:43,835] [INFO] [completePunchCard.py] [Line 55] Completing single childPromotion
[MainThread] [2022-12-27 18:49:43,835] [INFO] [completePunchCard.py] [Line 55] Completing single childPromotion
[MainThread] [2022-12-27 18:49:45,836] [INFO] [completePunchCards.py] [Line 62] Returning home.
[MainThread] [2022-12-27 18:49:49,295] [INFO] [exec_single_account.py] [Line 80] Successfully completed PUNCH CARDS
[MainThread] [2022-12-27 18:49:49,295] [INFO] [exec_single_account.py] [Line 83] (3/5) Completing ADDITIONAL PROMOTIONS
[MainThread] [2022-12-27 18:49:49,497] [INFO] [completeMorePromotions.py] [Line 34] Looping promotions
[MainThread] [2022-12-27 18:49:49,497] [INFO] [exec_single_account.py] [Line 89] Successfully completed ADDITIONAL PROMOTIONS
[MainThread] [2022-12-27 18:49:49,497] [INFO] [getDashboardData.py] [Line 24] loading dashboard data
[MainThread] [2022-12-27 18:49:51,917] [INFO] [exec_single_account.py] [Line 102] Searches available: [desktop: 0 mobile: 20]
[MainThread] [2022-12-27 18:49:51,918] [WARNING] [exec_single_account.py] [Line 103] Unable to do mobile searches. Module is not implemented. 
[MainThread] [2022-12-27 18:49:51,918] [INFO] [getDashboardData.py] [Line 24] loading dashboard data
[MainThread] [2022-12-27 18:49:54,128] [INFO] [exec_single_account.py] [Line 120] Closing Point Total: 0
[MainThread] [2022-12-27 18:50:00,298] [INFO] [exec_single_account.py] [Line 26] Current Account: id='b0m2pob3uedr9a5' email='aryan_kothari@outlook.com' password='Arrk1174' points=73 lastExec=datetime.datetime(2022, 12, 22, 12, 0, tzinfo=datetime.timezone.utc)
[MainThread] [2022-12-27 18:50:01,341] [INFO] [exec_single_account.py] [Line 33] Attempting login...
[MainThread] [2022-12-27 18:50:01,341] [INFO] [login.py] [Line 72] Navigating to https://login.live.com/
[MainThread] [2022-12-27 18:50:02,279] [INFO] [login.py] [Line 82] Writing email...
[MainThread] [2022-12-27 18:50:04,378] [INFO] [login.py] [Line 114] Writing password...
[MainThread] [2022-12-27 18:50:09,628] [INFO] [login.py] [Line 131] Passing security checks...
[MainThread] [2022-12-27 18:50:09,635] [WARNING] [login.py] [Line 135] iLandingViewAction element is unreachable.. Message: Message: no such element: Unable to locate element: {"method":"css selector","selector":"[id="iLandingViewAction"]"}
  (Session info: chrome=108.0.5359.125)
Stacktrace:
Backtrace:
	(No symbol) [0x00FDF243]
	(No symbol) [0x00F67FD1]
	(No symbol) [0x00E5D04D]
	(No symbol) [0x00E8C0B0]
	(No symbol) [0x00E8C22B]
	(No symbol) [0x00EBE612]
	(No symbol) [0x00EA85D4]
	(No symbol) [0x00EBC9EB]
	(No symbol) [0x00EA8386]
	(No symbol) [0x00E8163C]
	(No symbol) [0x00E8269D]
	GetHandleVerifier [0x01279A22+2655074]
	GetHandleVerifier [0x0126CA24+2601828]
	GetHandleVerifier [0x01088C0A+619850]
	GetHandleVerifier [0x01087830+614768]
	(No symbol) [0x00F705FC]
	(No symbol) [0x00F75968]
	(No symbol) [0x00F75A55]
	(No symbol) [0x00F8051B]
	BaseThreadInitThunk [0x75017BA9+25]
	RtlInitializeExceptionChain [0x7732BB3B+107]
	RtlClearBits [0x7732BABF+191]

[MainThread] [2022-12-27 18:50:09,641] [WARNING] [login.py] [Line 139] iNext element is unreachable.. Message: Message: no such element: Unable to locate element: {"method":"css selector","selector":"[id="iNext"]"}
  (Session info: chrome=108.0.5359.125)
Stacktrace:
Backtrace:
	(No symbol) [0x00FDF243]
	(No symbol) [0x00F67FD1]
	(No symbol) [0x00E5D04D]
	(No symbol) [0x00E8C0B0]
	(No symbol) [0x00E8C22B]
	(No symbol) [0x00EBE612]
	(No symbol) [0x00EA85D4]
	(No symbol) [0x00EBC9EB]
	(No symbol) [0x00EA8386]
	(No symbol) [0x00E8163C]
	(No symbol) [0x00E8269D]
	GetHandleVerifier [0x01279A22+2655074]
	GetHandleVerifier [0x0126CA24+2601828]
	GetHandleVerifier [0x01088C0A+619850]
	GetHandleVerifier [0x01087830+614768]
	(No symbol) [0x00F705FC]
	(No symbol) [0x00F75968]
	(No symbol) [0x00F75A55]
	(No symbol) [0x00F8051B]
	BaseThreadInitThunk [0x75017BA9+25]
	RtlInitializeExceptionChain [0x7732BB3B+107]
	RtlClearBits [0x7732BABF+191]

[MainThread] [2022-12-27 18:50:17,676] [INFO] [login.py] [Line 160] Validating Bing login state...
[MainThread] [2022-12-27 18:50:17,856] [INFO] [checkBingLogin.py] [Line 102] Waiting for browser to load login evidence
[MainThread] [2022-12-27 18:50:18,428] [INFO] [exec_single_account.py] [Line 41] Successfully authenticated. 
[MainThread] [2022-12-27 18:50:18,428] [INFO] [exec_single_account.py] [Line 42] Navigating to https://account.microsoft.com/
[MainThread] [2022-12-27 18:50:31,904] [INFO] [isMicrosoftRewards.py] [Line 23] URL is valid.
[MainThread] [2022-12-27 18:50:31,904] [INFO] [getDashboardData.py] [Line 24] loading dashboard data
[MainThread] [2022-12-27 18:50:34,067] [INFO] [exec_single_account.py] [Line 57] Current Points: 175
[MainThread] [2022-12-27 18:50:35,482] [INFO] [exec_single_account.py] [Line 62] Setup complete. Starting point collection process.
[MainThread] [2022-12-27 18:50:35,482] [INFO] [exec_single_account.py] [Line 65] (1/5) Completing DAILY SET
[MainThread] [2022-12-27 18:50:35,482] [INFO] [getDashboardData.py] [Line 24] loading dashboard data
[MainThread] [2022-12-27 18:50:35,666] [INFO] [completeDailySet.py] [Line 70] Successfully loaded correct dashboard data.
[MainThread] [2022-12-27 18:50:35,666] [INFO] [completeDailySet.py] [Line 86] Completing search of card 1
[MainThread] [2022-12-27 18:50:40,741] [INFO] [completeDailySetSearch.py] [Line 37] set search found by xpath - Success
[MainThread] [2022-12-27 18:51:02,823] [INFO] [completeDailySet.py] [Line 99] Completing quiz of card 2
[MainThread] [2022-12-27 18:51:23,662] [CRITICAL] [completeDailySet.py] [Line 118] Unknown exception was raised in daily set module. Message: element click intercepted: Element <div class="b_cards bt_lstcl_card btcc btcNoImg" id="rqAnswerOption3" data-serpquery="/search?q=First+Blood+1982+cast&amp;filters=BTQI%3A%220%22+BTCI%3A%223%22+ShowTimesTaskPaneTrigger%3A%22false%22&amp;skipopalnative=true&amp;rnoreward=1&amp;FORM=ML151V" iscorrectoption="True" tabindex="0" role="link" aria-label="Which five are popular action movies? 4th of 8 options. First Blood" data-priority="2">...</div> is not clickable at point (425, 782). Other element would receive the click: <span id="b_desc" class="b_desc">...</span>
  (Session info: chrome=108.0.5359.125)
Stacktrace:
Backtrace:
	(No symbol) [0x00FDF243]
	(No symbol) [0x00F67FD1]
	(No symbol) [0x00E5D04D]
	(No symbol) [0x00E928B9]
	(No symbol) [0x00E908CC]
	(No symbol) [0x00E8E4CB]
	(No symbol) [0x00E8D164]
	(No symbol) [0x00E832A6]
	(No symbol) [0x00EA858C]
	(No symbol) [0x00E82BFF]
	(No symbol) [0x00EA8804]
	(No symbol) [0x00EBC9EB]
	(No symbol) [0x00EA8386]
	(No symbol) [0x00E8163C]
	(No symbol) [0x00E8269D]
	GetHandleVerifier [0x01279A22+2655074]
	GetHandleVerifier [0x0126CA24+2601828]
	GetHandleVerifier [0x01088C0A+619850]
	GetHandleVerifier [0x01087830+614768]
	(No symbol) [0x00F705FC]
	(No symbol) [0x00F75968]
	(No symbol) [0x00F75A55]
	(No symbol) [0x00F8051B]
	BaseThreadInitThunk [0x75017BA9+25]
	RtlInitializeExceptionChain [0x7732BB3B+107]
	RtlClearBits [0x7732BABF+191]

[MainThread] [2022-12-27 18:51:26,835] [INFO] [completeDailySet.py] [Line 112] Completing poll of card: 3
[MainThread] [2022-12-27 18:51:59,063] [INFO] [exec_single_account.py] [Line 71] Successfully completed DAILY SET
[MainThread] [2022-12-27 18:51:59,063] [INFO] [exec_single_account.py] [Line 74] (2/5) Completing PUNCH CARDS
[MainThread] [2022-12-27 18:51:59,292] [INFO] [completePunchCards.py] [Line 47] Completing single punch card
[MainThread] [2022-12-27 18:51:59,292] [INFO] [completePunchCard.py] [Line 52] Navigating to punch card url: https://rewards.microsoft.com/dashboard/ENCA_pcparent_FY23Christmas_punchcard
[MainThread] [2022-12-27 18:52:00,014] [INFO] [completePunchCard.py] [Line 55] Completing single childPromotion
[MainThread] [2022-12-27 18:52:09,126] [CRITICAL] [completePunchCards.py] [Line 59] Uncaught exception in completing punch cards. Likely malformed data. Resetting tabs
[MainThread] [2022-12-27 18:52:12,335] [INFO] [completePunchCards.py] [Line 47] Completing single punch card
[MainThread] [2022-12-27 18:52:12,336] [INFO] [completePunchCard.py] [Line 52] Navigating to punch card url: https://rewards.microsoft.com/dashboard/ENCA_xboxapp_pcparent_MoviesandTV_Dec_2022
[MainThread] [2022-12-27 18:52:12,767] [INFO] [completePunchCard.py] [Line 55] Completing single childPromotion
[MainThread] [2022-12-27 18:52:12,767] [INFO] [completePunchCard.py] [Line 55] Completing single childPromotion
[MainThread] [2022-12-27 18:52:12,767] [INFO] [completePunchCard.py] [Line 55] Completing single childPromotion
[MainThread] [2022-12-27 18:52:12,767] [INFO] [completePunchCards.py] [Line 47] Completing single punch card
[MainThread] [2022-12-27 18:52:12,767] [INFO] [completePunchCard.py] [Line 52] Navigating to punch card url: https://rewards.microsoft.com/dashboard/ENCA_xboxapp_pcparent_CSDec22_punchcard
[MainThread] [2022-12-27 18:52:13,116] [INFO] [completePunchCard.py] [Line 55] Completing single childPromotion
[MainThread] [2022-12-27 18:52:13,116] [INFO] [completePunchCard.py] [Line 55] Completing single childPromotion
[MainThread] [2022-12-27 18:52:13,116] [INFO] [completePunchCard.py] [Line 55] Completing single childPromotion
[MainThread] [2022-12-27 18:52:15,124] [INFO] [completePunchCards.py] [Line 62] Returning home.
[MainThread] [2022-12-27 18:52:18,331] [INFO] [exec_single_account.py] [Line 80] Successfully completed PUNCH CARDS
[MainThread] [2022-12-27 18:52:18,331] [INFO] [exec_single_account.py] [Line 83] (3/5) Completing ADDITIONAL PROMOTIONS
[MainThread] [2022-12-27 18:52:18,516] [INFO] [completeMorePromotions.py] [Line 34] Looping promotions
[MainThread] [2022-12-27 18:52:18,516] [INFO] [completeMorePromotions.py] [Line 40] Incomplete promotion detected: url reward
[MainThread] [2022-12-27 18:52:18,516] [INFO] [completeMorePromotionSearch.py] [Line 26] Completing promotion search
[MainThread] [2022-12-27 18:52:37,740] [INFO] [completeMorePromotions.py] [Line 40] Incomplete promotion detected: url reward
[MainThread] [2022-12-27 18:52:37,740] [INFO] [completeMorePromotionSearch.py] [Line 26] Completing promotion search
[MainThread] [2022-12-27 18:53:00,137] [INFO] [completeMorePromotions.py] [Line 40] Incomplete promotion detected: url reward
[MainThread] [2022-12-27 18:53:00,137] [INFO] [completeMorePromotionSearch.py] [Line 26] Completing promotion search
[MainThread] [2022-12-27 18:53:18,475] [INFO] [completeMorePromotions.py] [Line 40] Incomplete promotion detected: url reward
[MainThread] [2022-12-27 18:53:18,475] [INFO] [completeMorePromotionSearch.py] [Line 26] Completing promotion search
[MainThread] [2022-12-27 18:53:38,659] [INFO] [completeMorePromotions.py] [Line 43] Incomplete promotion detected: quiz
[MainThread] [2022-12-27 18:53:50,833] [INFO] [completeMorePromotionQuiz.py] [Line 74] iterating 3 for current quiz
[MainThread] [2022-12-27 18:53:50,833] [INFO] [completeMorePromotionQuiz.py] [Line 76] Question 0/3
[MainThread] [2022-12-27 18:54:01,572] [INFO] [completeMorePromotionQuiz.py] [Line 76] Question 1/3
[MainThread] [2022-12-27 18:54:12,334] [INFO] [completeMorePromotionQuiz.py] [Line 76] Question 2/3
[MainThread] [2022-12-27 18:54:30,388] [INFO] [completeMorePromotionQuiz.py] [Line 102] Returning to main window.
[MainThread] [2022-12-27 18:54:32,405] [INFO] [completeMorePromotions.py] [Line 43] Incomplete promotion detected: quiz
[MainThread] [2022-12-27 18:54:44,627] [INFO] [completeMorePromotionQuiz.py] [Line 74] iterating 3 for current quiz
[MainThread] [2022-12-27 18:54:44,627] [INFO] [completeMorePromotionQuiz.py] [Line 76] Question 0/3
[MainThread] [2022-12-27 18:55:17,885] [INFO] [completeMorePromotionQuiz.py] [Line 76] Question 1/3
[MainThread] [2022-12-27 18:55:51,113] [INFO] [completeMorePromotionQuiz.py] [Line 76] Question 2/3
[MainThread] [2022-12-27 18:56:31,867] [INFO] [completeMorePromotionQuiz.py] [Line 102] Returning to main window.
[MainThread] [2022-12-27 18:56:33,886] [INFO] [completeMorePromotions.py] [Line 43] Incomplete promotion detected: quiz
[MainThread] [2022-12-27 18:56:46,087] [INFO] [completeMorePromotionQuiz.py] [Line 74] iterating 3 for current quiz
[MainThread] [2022-12-27 18:56:46,087] [INFO] [completeMorePromotionQuiz.py] [Line 76] Question 0/3
[MainThread] [2022-12-27 18:57:19,589] [INFO] [completeMorePromotionQuiz.py] [Line 76] Question 1/3
[MainThread] [2022-12-27 18:57:52,990] [INFO] [completeMorePromotionQuiz.py] [Line 76] Question 2/3
[MainThread] [2022-12-27 18:58:33,396] [INFO] [completeMorePromotionQuiz.py] [Line 102] Returning to main window.
[MainThread] [2022-12-27 18:58:35,410] [INFO] [exec_single_account.py] [Line 89] Successfully completed ADDITIONAL PROMOTIONS
[MainThread] [2022-12-27 18:58:35,410] [INFO] [getDashboardData.py] [Line 24] loading dashboard data
[MainThread] [2022-12-27 18:58:37,797] [INFO] [exec_single_account.py] [Line 102] Searches available: [desktop: 34 mobile: 20]
[MainThread] [2022-12-27 18:58:37,797] [WARNING] [exec_single_account.py] [Line 103] Unable to do mobile searches. Module is not implemented. 
[MainThread] [2022-12-27 18:58:37,797] [INFO] [exec_single_account.py] [Line 106] Executing searches...
[MainThread] [2022-12-27 18:58:37,797] [INFO] [getGoogleTrends.py] [Line 15] Getting search terms
[MainThread] [2022-12-27 18:58:38,201] [INFO] [bingSearches.py] [Line 19] Searching... 1 / 34
[MainThread] [2022-12-27 18:58:55,885] [INFO] [bingSearches.py] [Line 19] Searching... 2 / 34
[MainThread] [2022-12-27 18:59:13,599] [INFO] [bingSearches.py] [Line 19] Searching... 3 / 34
[MainThread] [2022-12-27 18:59:27,344] [INFO] [bingSearches.py] [Line 19] Searching... 4 / 34
[MainThread] [2022-12-27 18:59:42,098] [INFO] [bingSearches.py] [Line 19] Searching... 5 / 34
[MainThread] [2022-12-27 18:59:58,796] [INFO] [bingSearches.py] [Line 19] Searching... 6 / 34
[MainThread] [2022-12-27 19:00:12,515] [INFO] [bingSearches.py] [Line 19] Searching... 7 / 34
[MainThread] [2022-12-27 19:00:28,277] [INFO] [bingSearches.py] [Line 19] Searching... 8 / 34
[MainThread] [2022-12-27 19:00:44,960] [INFO] [bingSearches.py] [Line 19] Searching... 9 / 34
[MainThread] [2022-12-27 19:01:00,623] [INFO] [bingSearches.py] [Line 19] Searching... 10 / 34
[MainThread] [2022-12-27 19:01:17,305] [INFO] [bingSearches.py] [Line 19] Searching... 11 / 34
[MainThread] [2022-12-27 19:01:30,038] [INFO] [bingSearches.py] [Line 19] Searching... 12 / 34
[MainThread] [2022-12-27 19:01:45,792] [INFO] [bingSearches.py] [Line 19] Searching... 13 / 34
[MainThread] [2022-12-27 19:02:03,614] [INFO] [bingSearches.py] [Line 19] Searching... 14 / 34
[MainThread] [2022-12-27 19:02:17,361] [INFO] [bingSearches.py] [Line 19] Searching... 15 / 34
[MainThread] [2022-12-27 19:02:49,902] [INFO] [bingSearches.py] [Line 19] Searching... 16 / 34
[MainThread] [2022-12-27 19:03:21,622] [INFO] [bingSearches.py] [Line 19] Searching... 17 / 34
[MainThread] [2022-12-27 19:03:50,313] [INFO] [bingSearches.py] [Line 19] Searching... 18 / 34
[MainThread] [2022-12-27 19:04:20,925] [INFO] [bingSearches.py] [Line 19] Searching... 19 / 34
[MainThread] [2022-12-27 19:04:50,870] [INFO] [bingSearches.py] [Line 19] Searching... 20 / 34
[MainThread] [2022-12-27 19:05:21,358] [INFO] [bingSearches.py] [Line 19] Searching... 21 / 34
[MainThread] [2022-12-27 19:05:38,089] [INFO] [bingSearches.py] [Line 19] Searching... 22 / 34
[MainThread] [2022-12-27 19:05:50,908] [INFO] [bingSearches.py] [Line 19] Searching... 23 / 34
[MainThread] [2022-12-27 19:06:05,580] [INFO] [bingSearches.py] [Line 19] Searching... 24 / 34
[MainThread] [2022-12-27 19:06:22,311] [INFO] [bingSearches.py] [Line 19] Searching... 25 / 34
[MainThread] [2022-12-27 19:06:35,010] [INFO] [bingSearches.py] [Line 19] Searching... 26 / 34
[MainThread] [2022-12-27 19:06:50,968] [INFO] [bingSearches.py] [Line 19] Searching... 27 / 34
[MainThread] [2022-12-27 19:07:03,752] [INFO] [bingSearches.py] [Line 19] Searching... 28 / 34
[MainThread] [2022-12-27 19:07:17,508] [INFO] [bingSearches.py] [Line 19] Searching... 29 / 34
[MainThread] [2022-12-27 19:07:30,373] [INFO] [bingSearches.py] [Line 19] Searching... 30 / 34
[MainThread] [2022-12-27 19:07:46,161] [INFO] [bingSearches.py] [Line 19] Searching... 31 / 34
[MainThread] [2022-12-27 19:08:01,993] [INFO] [bingSearches.py] [Line 19] Searching... 32 / 34
[MainThread] [2022-12-27 19:08:15,988] [INFO] [bingSearches.py] [Line 19] Searching... 33 / 34
[MainThread] [2022-12-27 19:08:30,825] [INFO] [bingSearches.py] [Line 19] Searching... 34 / 34
[MainThread] [2022-12-27 19:08:43,487] [INFO] [exec_single_account.py] [Line 116] Successfully completed all PC searches
[MainThread] [2022-12-27 19:08:43,487] [INFO] [getDashboardData.py] [Line 24] loading dashboard data
[MainThread] [2022-12-27 19:08:43,571] [CRITICAL] [getDashboardData.py] [Line 31] Unable to load dashboard data. Expecting value: line 1 column 1 (char 0)
[MainThread] [2022-12-27 19:08:43,571] [CRITICAL] [getPointCount.py] [Line 23] Point count not available. Likely dashboard data has changed. 'NoneType' object has no attribute 'get'
[MainThread] [2022-12-27 19:08:45,634] [INFO] [exec_single_account.py] [Line 120] Closing Point Total: 0
[MainThread] [2022-12-27 19:08:51,949] [INFO] [exec_single_account.py] [Line 26] Current Account: id='ind9hdlsce6ypp2' email='hehearya@hotmail.com' password='L9rC6oT5$LEqieKY' points=1516 lastExec=datetime.datetime(2022, 12, 1, 12, 0, tzinfo=datetime.timezone.utc)
[MainThread] [2022-12-27 19:08:53,011] [INFO] [exec_single_account.py] [Line 33] Attempting login...
[MainThread] [2022-12-27 19:08:53,011] [INFO] [login.py] [Line 72] Navigating to https://login.live.com/
[MainThread] [2022-12-27 19:08:53,987] [INFO] [login.py] [Line 82] Writing email...
[MainThread] [2022-12-27 19:08:56,079] [INFO] [login.py] [Line 114] Writing password...
[MainThread] [2022-12-27 19:09:01,296] [INFO] [login.py] [Line 131] Passing security checks...
[MainThread] [2022-12-27 19:09:01,302] [WARNING] [login.py] [Line 135] iLandingViewAction element is unreachable.. Message: Message: no such element: Unable to locate element: {"method":"css selector","selector":"[id="iLandingViewAction"]"}
  (Session info: chrome=108.0.5359.125)
Stacktrace:
Backtrace:
	(No symbol) [0x00FDF243]
	(No symbol) [0x00F67FD1]
	(No symbol) [0x00E5D04D]
	(No symbol) [0x00E8C0B0]
	(No symbol) [0x00E8C22B]
	(No symbol) [0x00EBE612]
	(No symbol) [0x00EA85D4]
	(No symbol) [0x00EBC9EB]
	(No symbol) [0x00EA8386]
	(No symbol) [0x00E8163C]
	(No symbol) [0x00E8269D]
	GetHandleVerifier [0x01279A22+2655074]
	GetHandleVerifier [0x0126CA24+2601828]
	GetHandleVerifier [0x01088C0A+619850]
	GetHandleVerifier [0x01087830+614768]
	(No symbol) [0x00F705FC]
	(No symbol) [0x00F75968]
	(No symbol) [0x00F75A55]
	(No symbol) [0x00F8051B]
	BaseThreadInitThunk [0x75017BA9+25]
	RtlInitializeExceptionChain [0x7732BB3B+107]
	RtlClearBits [0x7732BABF+191]

[MainThread] [2022-12-27 19:09:01,308] [WARNING] [login.py] [Line 139] iNext element is unreachable.. Message: Message: no such element: Unable to locate element: {"method":"css selector","selector":"[id="iNext"]"}
  (Session info: chrome=108.0.5359.125)
Stacktrace:
Backtrace:
	(No symbol) [0x00FDF243]
	(No symbol) [0x00F67FD1]
	(No symbol) [0x00E5D04D]
	(No symbol) [0x00E8C0B0]
	(No symbol) [0x00E8C22B]
	(No symbol) [0x00EBE612]
	(No symbol) [0x00EA85D4]
	(No symbol) [0x00EBC9EB]
	(No symbol) [0x00EA8386]
	(No symbol) [0x00E8163C]
	(No symbol) [0x00E8269D]
	GetHandleVerifier [0x01279A22+2655074]
	GetHandleVerifier [0x0126CA24+2601828]
	GetHandleVerifier [0x01088C0A+619850]
	GetHandleVerifier [0x01087830+614768]
	(No symbol) [0x00F705FC]
	(No symbol) [0x00F75968]
	(No symbol) [0x00F75A55]
	(No symbol) [0x00F8051B]
	BaseThreadInitThunk [0x75017BA9+25]
	RtlInitializeExceptionChain [0x7732BB3B+107]
	RtlClearBits [0x7732BABF+191]

[MainThread] [2022-12-27 19:09:09,006] [INFO] [login.py] [Line 160] Validating Bing login state...
[MainThread] [2022-12-27 19:09:09,193] [INFO] [checkBingLogin.py] [Line 102] Waiting for browser to load login evidence
[MainThread] [2022-12-27 19:09:09,754] [INFO] [exec_single_account.py] [Line 41] Successfully authenticated. 
[MainThread] [2022-12-27 19:09:09,754] [INFO] [exec_single_account.py] [Line 42] Navigating to https://account.microsoft.com/
[MainThread] [2022-12-27 19:09:23,358] [INFO] [isMicrosoftRewards.py] [Line 23] URL is valid.
[MainThread] [2022-12-27 19:09:23,358] [INFO] [getDashboardData.py] [Line 24] loading dashboard data
[MainThread] [2022-12-27 19:09:23,381] [CRITICAL] [getDashboardData.py] [Line 31] Unable to load dashboard data. Expecting value: line 1 column 1 (char 0)
[MainThread] [2022-12-27 19:09:23,381] [CRITICAL] [getPointCount.py] [Line 23] Point count not available. Likely dashboard data has changed. 'NoneType' object has no attribute 'get'
[MainThread] [2022-12-27 19:09:25,408] [INFO] [exec_single_account.py] [Line 57] Current Points: 0
[MainThread] [2022-12-27 19:09:26,468] [INFO] [exec_single_account.py] [Line 62] Setup complete. Starting point collection process.
[MainThread] [2022-12-27 19:09:26,468] [INFO] [exec_single_account.py] [Line 65] (1/5) Completing DAILY SET
[MainThread] [2022-12-27 19:09:26,468] [INFO] [getDashboardData.py] [Line 24] loading dashboard data
[MainThread] [2022-12-27 19:09:26,495] [CRITICAL] [getDashboardData.py] [Line 31] Unable to load dashboard data. Expecting value: line 1 column 1 (char 0)
[MainThread] [2022-12-27 19:09:26,495] [CRITICAL] [exec_single_account.py] [Line 69] Uncaught exception has caused daily set to fail. 'NoneType' object is not subscriptable
[MainThread] [2022-12-27 19:09:26,495] [INFO] [exec_single_account.py] [Line 74] (2/5) Completing PUNCH CARDS
[MainThread] [2022-12-27 19:09:26,508] [CRITICAL] [exec_single_account.py] [Line 78] Uncaught exception has caused punch cards to fail. Expecting value: line 1 column 1 (char 0)
[MainThread] [2022-12-27 19:09:26,508] [INFO] [exec_single_account.py] [Line 83] (3/5) Completing ADDITIONAL PROMOTIONS
[MainThread] [2022-12-27 19:09:26,522] [CRITICAL] [exec_single_account.py] [Line 87] Uncaught exception has caused additional promotions to fail. Expecting value: line 1 column 1 (char 0)
[MainThread] [2022-12-27 19:09:26,523] [INFO] [getDashboardData.py] [Line 24] loading dashboard data
[MainThread] [2022-12-27 19:09:26,537] [CRITICAL] [getDashboardData.py] [Line 31] Unable to load dashboard data. Expecting value: line 1 column 1 (char 0)
[MainThread] [2022-12-27 19:09:26,537] [CRITICAL] [getPointCount.py] [Line 23] Point count not available. Likely dashboard data has changed. 'NoneType' object has no attribute 'get'
[MainThread] [2022-12-27 19:09:28,604] [CRITICAL] [exec_single_account.py] [Line 100] Unable to get remaining searches. Could be malformed data. Expecting value: line 1 column 1 (char 0)
[MainThread] [2022-12-27 19:09:28,604] [INFO] [getDashboardData.py] [Line 24] loading dashboard data
[MainThread] [2022-12-27 19:09:28,617] [CRITICAL] [getDashboardData.py] [Line 31] Unable to load dashboard data. Expecting value: line 1 column 1 (char 0)
[MainThread] [2022-12-27 19:09:28,618] [CRITICAL] [getPointCount.py] [Line 23] Point count not available. Likely dashboard data has changed. 'NoneType' object has no attribute 'get'
[MainThread] [2022-12-27 19:09:30,665] [INFO] [exec_single_account.py] [Line 120] Closing Point Total: 0
[MainThread] [2022-12-27 19:09:36,794] [INFO] [exec_single_account.py] [Line 26] Current Account: id='3e84e2ogpjtlr70' email='computerbox@outlook.com' password='SS56RdS9P$cyy$H1' points=1548 lastExec=datetime.datetime(2022, 12, 18, 12, 0, tzinfo=datetime.timezone.utc)
[MainThread] [2022-12-27 19:09:37,828] [INFO] [exec_single_account.py] [Line 33] Attempting login...
[MainThread] [2022-12-27 19:09:37,828] [INFO] [login.py] [Line 72] Navigating to https://login.live.com/
[MainThread] [2022-12-27 19:09:38,735] [INFO] [login.py] [Line 82] Writing email...
[MainThread] [2022-12-27 19:09:40,822] [INFO] [login.py] [Line 114] Writing password...
[MainThread] [2022-12-27 19:09:46,029] [INFO] [login.py] [Line 131] Passing security checks...
[MainThread] [2022-12-27 19:09:46,035] [WARNING] [login.py] [Line 135] iLandingViewAction element is unreachable.. Message: Message: no such element: Unable to locate element: {"method":"css selector","selector":"[id="iLandingViewAction"]"}
  (Session info: chrome=108.0.5359.125)
Stacktrace:
Backtrace:
	(No symbol) [0x00FDF243]
	(No symbol) [0x00F67FD1]
	(No symbol) [0x00E5D04D]
	(No symbol) [0x00E8C0B0]
	(No symbol) [0x00E8C22B]
	(No symbol) [0x00EBE612]
	(No symbol) [0x00EA85D4]
	(No symbol) [0x00EBC9EB]
	(No symbol) [0x00EA8386]
	(No symbol) [0x00E8163C]
	(No symbol) [0x00E8269D]
	GetHandleVerifier [0x01279A22+2655074]
	GetHandleVerifier [0x0126CA24+2601828]
	GetHandleVerifier [0x01088C0A+619850]
	GetHandleVerifier [0x01087830+614768]
	(No symbol) [0x00F705FC]
	(No symbol) [0x00F75968]
	(No symbol) [0x00F75A55]
	(No symbol) [0x00F8051B]
	BaseThreadInitThunk [0x75017BA9+25]
	RtlInitializeExceptionChain [0x7732BB3B+107]
	RtlClearBits [0x7732BABF+191]

[MainThread] [2022-12-27 19:09:46,040] [WARNING] [login.py] [Line 139] iNext element is unreachable.. Message: Message: no such element: Unable to locate element: {"method":"css selector","selector":"[id="iNext"]"}
  (Session info: chrome=108.0.5359.125)
Stacktrace:
Backtrace:
	(No symbol) [0x00FDF243]
	(No symbol) [0x00F67FD1]
	(No symbol) [0x00E5D04D]
	(No symbol) [0x00E8C0B0]
	(No symbol) [0x00E8C22B]
	(No symbol) [0x00EBE612]
	(No symbol) [0x00EA85D4]
	(No symbol) [0x00EBC9EB]
	(No symbol) [0x00EA8386]
	(No symbol) [0x00E8163C]
	(No symbol) [0x00E8269D]
	GetHandleVerifier [0x01279A22+2655074]
	GetHandleVerifier [0x0126CA24+2601828]
	GetHandleVerifier [0x01088C0A+619850]
	GetHandleVerifier [0x01087830+614768]
	(No symbol) [0x00F705FC]
	(No symbol) [0x00F75968]
	(No symbol) [0x00F75A55]
	(No symbol) [0x00F8051B]
	BaseThreadInitThunk [0x75017BA9+25]
	RtlInitializeExceptionChain [0x7732BB3B+107]
	RtlClearBits [0x7732BABF+191]

[MainThread] [2022-12-27 19:09:54,001] [INFO] [login.py] [Line 160] Validating Bing login state...
[MainThread] [2022-12-27 19:09:54,172] [INFO] [checkBingLogin.py] [Line 102] Waiting for browser to load login evidence
[MainThread] [2022-12-27 19:09:54,799] [INFO] [exec_single_account.py] [Line 41] Successfully authenticated. 
[MainThread] [2022-12-27 19:09:54,799] [INFO] [exec_single_account.py] [Line 42] Navigating to https://account.microsoft.com/
[MainThread] [2022-12-27 19:10:08,078] [INFO] [isMicrosoftRewards.py] [Line 23] URL is valid.
[MainThread] [2022-12-27 19:10:08,078] [INFO] [getDashboardData.py] [Line 24] loading dashboard data
[MainThread] [2022-12-27 19:10:10,270] [INFO] [exec_single_account.py] [Line 57] Current Points: 1548
[MainThread] [2022-12-27 19:10:11,688] [INFO] [exec_single_account.py] [Line 62] Setup complete. Starting point collection process.
[MainThread] [2022-12-27 19:10:11,688] [INFO] [exec_single_account.py] [Line 65] (1/5) Completing DAILY SET
[MainThread] [2022-12-27 19:10:11,688] [INFO] [getDashboardData.py] [Line 24] loading dashboard data
[MainThread] [2022-12-27 19:10:11,883] [INFO] [completeDailySet.py] [Line 70] Successfully loaded correct dashboard data.
[MainThread] [2022-12-27 19:10:11,883] [INFO] [completeDailySet.py] [Line 86] Completing search of card 1
[MainThread] [2022-12-27 19:10:16,944] [INFO] [completeDailySetSearch.py] [Line 37] set search found by xpath - Success
[MainThread] [2022-12-27 19:10:38,044] [INFO] [completeDailySet.py] [Line 99] Completing quiz of card 2
[MainThread] [2022-12-27 19:10:58,939] [CRITICAL] [completeDailySet.py] [Line 118] Unknown exception was raised in daily set module. Message: element click intercepted: Element <div class="b_cards bt_lstcl_card btcc btcNoImg" id="rqAnswerOption3" data-serpquery="/search?q=First+Blood+1982+cast&amp;filters=BTQI%3A%220%22+BTCI%3A%223%22+ShowTimesTaskPaneTrigger%3A%22false%22&amp;skipopalnative=true&amp;rnoreward=1&amp;FORM=ML151V" iscorrectoption="True" tabindex="0" role="link" aria-label="Which five are popular action movies? 4th of 8 options. First Blood" data-priority="2">...</div> is not clickable at point (425, 782). Other element would receive the click: <span id="b_desc" class="b_desc">...</span>
  (Session info: chrome=108.0.5359.125)
Stacktrace:
Backtrace:
	(No symbol) [0x00FDF243]
	(No symbol) [0x00F67FD1]
	(No symbol) [0x00E5D04D]
	(No symbol) [0x00E928B9]
	(No symbol) [0x00E908CC]
	(No symbol) [0x00E8E4CB]
	(No symbol) [0x00E8D164]
	(No symbol) [0x00E832A6]
	(No symbol) [0x00EA858C]
	(No symbol) [0x00E82BFF]
	(No symbol) [0x00EA8804]
	(No symbol) [0x00EBC9EB]
	(No symbol) [0x00EA8386]
	(No symbol) [0x00E8163C]
	(No symbol) [0x00E8269D]
	GetHandleVerifier [0x01279A22+2655074]
	GetHandleVerifier [0x0126CA24+2601828]
	GetHandleVerifier [0x01088C0A+619850]
	GetHandleVerifier [0x01087830+614768]
	(No symbol) [0x00F705FC]
	(No symbol) [0x00F75968]
	(No symbol) [0x00F75A55]
	(No symbol) [0x00F8051B]
	BaseThreadInitThunk [0x75017BA9+25]
	RtlInitializeExceptionChain [0x7732BB3B+107]
	RtlClearBits [0x7732BABF+191]

[MainThread] [2022-12-27 19:11:01,906] [INFO] [completeDailySet.py] [Line 112] Completing poll of card: 3
[MainThread] [2022-12-27 19:11:33,101] [INFO] [exec_single_account.py] [Line 71] Successfully completed DAILY SET
[MainThread] [2022-12-27 19:11:33,101] [INFO] [exec_single_account.py] [Line 74] (2/5) Completing PUNCH CARDS
[MainThread] [2022-12-27 19:11:33,253] [INFO] [completePunchCards.py] [Line 47] Completing single punch card
[MainThread] [2022-12-27 19:11:33,253] [INFO] [completePunchCard.py] [Line 52] Navigating to punch card url: https://rewards.microsoft.com/dashboard/ENCA_pcparent_FY23Christmas_punchcard
[MainThread] [2022-12-27 19:11:33,718] [INFO] [completePunchCard.py] [Line 55] Completing single childPromotion
[MainThread] [2022-12-27 19:11:42,766] [CRITICAL] [completePunchCards.py] [Line 59] Uncaught exception in completing punch cards. Likely malformed data. Resetting tabs
[MainThread] [2022-12-27 19:11:45,950] [INFO] [completePunchCards.py] [Line 47] Completing single punch card
[MainThread] [2022-12-27 19:11:45,950] [INFO] [completePunchCard.py] [Line 52] Navigating to punch card url: https://rewards.microsoft.com/dashboard/ENCA_xboxapp_pcparent_MoviesandTV_Dec_2022
[MainThread] [2022-12-27 19:11:46,356] [INFO] [completePunchCard.py] [Line 55] Completing single childPromotion
[MainThread] [2022-12-27 19:11:46,356] [INFO] [completePunchCard.py] [Line 55] Completing single childPromotion
[MainThread] [2022-12-27 19:11:46,356] [INFO] [completePunchCard.py] [Line 55] Completing single childPromotion
[MainThread] [2022-12-27 19:11:46,356] [INFO] [completePunchCards.py] [Line 47] Completing single punch card
[MainThread] [2022-12-27 19:11:46,356] [INFO] [completePunchCard.py] [Line 52] Navigating to punch card url: https://rewards.microsoft.com/dashboard/ENCA_xboxapp_pcparent_CSDec22_punchcard
[MainThread] [2022-12-27 19:11:46,951] [INFO] [completePunchCard.py] [Line 55] Completing single childPromotion
[MainThread] [2022-12-27 19:11:46,951] [INFO] [completePunchCard.py] [Line 55] Completing single childPromotion
[MainThread] [2022-12-27 19:11:46,951] [INFO] [completePunchCard.py] [Line 55] Completing single childPromotion
[MainThread] [2022-12-27 19:11:48,955] [INFO] [completePunchCards.py] [Line 62] Returning home.
[MainThread] [2022-12-27 19:11:52,177] [INFO] [exec_single_account.py] [Line 80] Successfully completed PUNCH CARDS
[MainThread] [2022-12-27 19:11:52,177] [INFO] [exec_single_account.py] [Line 83] (3/5) Completing ADDITIONAL PROMOTIONS
[MainThread] [2022-12-27 19:11:52,363] [INFO] [completeMorePromotions.py] [Line 34] Looping promotions
[MainThread] [2022-12-27 19:11:52,363] [INFO] [completeMorePromotions.py] [Line 40] Incomplete promotion detected: url reward
[MainThread] [2022-12-27 19:11:52,363] [INFO] [completeMorePromotionSearch.py] [Line 26] Completing promotion search
[MainThread] [2022-12-27 19:12:10,585] [INFO] [completeMorePromotions.py] [Line 40] Incomplete promotion detected: url reward
[MainThread] [2022-12-27 19:12:10,585] [INFO] [completeMorePromotionSearch.py] [Line 26] Completing promotion search
[MainThread] [2022-12-27 19:12:31,857] [INFO] [completeMorePromotions.py] [Line 40] Incomplete promotion detected: url reward
[MainThread] [2022-12-27 19:12:31,857] [INFO] [completeMorePromotionSearch.py] [Line 26] Completing promotion search
[MainThread] [2022-12-27 19:12:52,283] [INFO] [completeMorePromotions.py] [Line 40] Incomplete promotion detected: url reward
[MainThread] [2022-12-27 19:12:52,283] [INFO] [completeMorePromotionSearch.py] [Line 26] Completing promotion search
[MainThread] [2022-12-27 19:13:12,447] [INFO] [completeMorePromotions.py] [Line 43] Incomplete promotion detected: quiz
[MainThread] [2022-12-27 19:13:24,609] [INFO] [completeMorePromotionQuiz.py] [Line 74] iterating 3 for current quiz
[MainThread] [2022-12-27 19:13:24,609] [INFO] [completeMorePromotionQuiz.py] [Line 76] Question 0/3
[MainThread] [2022-12-27 19:13:35,396] [INFO] [completeMorePromotionQuiz.py] [Line 76] Question 1/3
[MainThread] [2022-12-27 19:13:46,092] [INFO] [completeMorePromotionQuiz.py] [Line 76] Question 2/3
[MainThread] [2022-12-27 19:14:04,236] [INFO] [completeMorePromotionQuiz.py] [Line 102] Returning to main window.
[MainThread] [2022-12-27 19:14:06,248] [INFO] [completeMorePromotions.py] [Line 43] Incomplete promotion detected: quiz
[MainThread] [2022-12-27 19:14:18,418] [INFO] [completeMorePromotionQuiz.py] [Line 74] iterating 3 for current quiz
[MainThread] [2022-12-27 19:14:18,418] [INFO] [completeMorePromotionQuiz.py] [Line 76] Question 0/3
[MainThread] [2022-12-27 19:14:51,574] [INFO] [completeMorePromotionQuiz.py] [Line 76] Question 1/3
[MainThread] [2022-12-27 19:15:24,861] [INFO] [completeMorePromotionQuiz.py] [Line 76] Question 2/3
[MainThread] [2022-12-27 19:16:05,422] [INFO] [completeMorePromotionQuiz.py] [Line 102] Returning to main window.
[MainThread] [2022-12-27 19:16:07,436] [INFO] [completeMorePromotions.py] [Line 43] Incomplete promotion detected: quiz
[MainThread] [2022-12-27 19:16:19,608] [INFO] [completeMorePromotionQuiz.py] [Line 74] iterating 3 for current quiz
[MainThread] [2022-12-27 19:16:19,608] [INFO] [completeMorePromotionQuiz.py] [Line 76] Question 0/3
[MainThread] [2022-12-27 19:16:53,391] [INFO] [completeMorePromotionQuiz.py] [Line 76] Question 1/3
[MainThread] [2022-12-27 19:17:26,647] [INFO] [completeMorePromotionQuiz.py] [Line 76] Question 2/3
[MainThread] [2022-12-27 19:18:06,894] [INFO] [completeMorePromotionQuiz.py] [Line 102] Returning to main window.
[MainThread] [2022-12-27 19:18:08,900] [INFO] [exec_single_account.py] [Line 89] Successfully completed ADDITIONAL PROMOTIONS
[MainThread] [2022-12-27 19:18:08,900] [INFO] [getDashboardData.py] [Line 24] loading dashboard data
[MainThread] [2022-12-27 19:18:11,235] [INFO] [exec_single_account.py] [Line 102] Searches available: [desktop: 34 mobile: 20]
[MainThread] [2022-12-27 19:18:11,235] [WARNING] [exec_single_account.py] [Line 103] Unable to do mobile searches. Module is not implemented. 
[MainThread] [2022-12-27 19:18:11,235] [INFO] [exec_single_account.py] [Line 106] Executing searches...
[MainThread] [2022-12-27 19:18:11,236] [INFO] [getGoogleTrends.py] [Line 15] Getting search terms
[MainThread] [2022-12-27 19:18:11,622] [INFO] [bingSearches.py] [Line 19] Searching... 1 / 34
[MainThread] [2022-12-27 19:18:25,274] [INFO] [bingSearches.py] [Line 19] Searching... 2 / 34
[MainThread] [2022-12-27 19:18:41,998] [INFO] [bingSearches.py] [Line 19] Searching... 3 / 34
[MainThread] [2022-12-27 19:18:55,744] [INFO] [bingSearches.py] [Line 19] Searching... 4 / 34
[MainThread] [2022-12-27 19:19:12,300] [INFO] [bingSearches.py] [Line 19] Searching... 5 / 34
[MainThread] [2022-12-27 19:19:25,018] [INFO] [bingSearches.py] [Line 19] Searching... 6 / 34
[MainThread] [2022-12-27 19:19:39,684] [INFO] [bingSearches.py] [Line 19] Searching... 7 / 34
[MainThread] [2022-12-27 19:19:54,297] [INFO] [bingSearches.py] [Line 19] Searching... 8 / 34
[MainThread] [2022-12-27 19:20:11,973] [INFO] [bingSearches.py] [Line 19] Searching... 9 / 34
[MainThread] [2022-12-27 19:20:29,650] [INFO] [bingSearches.py] [Line 19] Searching... 10 / 34
[MainThread] [2022-12-27 19:20:46,369] [INFO] [bingSearches.py] [Line 19] Searching... 11 / 34
[MainThread] [2022-12-27 19:21:02,062] [INFO] [bingSearches.py] [Line 19] Searching... 12 / 34
[MainThread] [2022-12-27 19:21:16,760] [INFO] [bingSearches.py] [Line 19] Searching... 13 / 34
[MainThread] [2022-12-27 19:21:29,484] [INFO] [bingSearches.py] [Line 19] Searching... 14 / 34
[MainThread] [2022-12-27 19:21:42,191] [INFO] [bingSearches.py] [Line 19] Searching... 15 / 34
[MainThread] [2022-12-27 19:21:54,922] [INFO] [bingSearches.py] [Line 19] Searching... 16 / 34
[MainThread] [2022-12-27 19:22:11,671] [INFO] [bingSearches.py] [Line 19] Searching... 17 / 34
[MainThread] [2022-12-27 19:22:29,427] [INFO] [bingSearches.py] [Line 19] Searching... 18 / 34
[MainThread] [2022-12-27 19:22:45,116] [INFO] [bingSearches.py] [Line 19] Searching... 19 / 34
[MainThread] [2022-12-27 19:23:02,865] [INFO] [bingSearches.py] [Line 19] Searching... 20 / 34
[MainThread] [2022-12-27 19:23:17,641] [INFO] [bingSearches.py] [Line 19] Searching... 21 / 34
[MainThread] [2022-12-27 19:23:32,477] [INFO] [bingSearches.py] [Line 19] Searching... 22 / 34
[MainThread] [2022-12-27 19:23:46,183] [INFO] [bingSearches.py] [Line 19] Searching... 23 / 34
[MainThread] [2022-12-27 19:24:02,871] [INFO] [bingSearches.py] [Line 19] Searching... 24 / 34
[MainThread] [2022-12-27 19:24:20,552] [INFO] [bingSearches.py] [Line 19] Searching... 25 / 34
[MainThread] [2022-12-27 19:24:35,279] [INFO] [bingSearches.py] [Line 19] Searching... 26 / 34
[MainThread] [2022-12-27 19:24:50,025] [INFO] [bingSearches.py] [Line 19] Searching... 27 / 34
[MainThread] [2022-12-27 19:25:07,668] [INFO] [bingSearches.py] [Line 19] Searching... 28 / 34
[MainThread] [2022-12-27 19:25:25,446] [INFO] [bingSearches.py] [Line 19] Searching... 29 / 34
[MainThread] [2022-12-27 19:25:42,117] [INFO] [bingSearches.py] [Line 19] Searching... 30 / 34
[MainThread] [2022-12-27 19:25:55,894] [INFO] [bingSearches.py] [Line 19] Searching... 31 / 34
[MainThread] [2022-12-27 19:26:13,649] [INFO] [bingSearches.py] [Line 19] Searching... 32 / 34
[MainThread] [2022-12-27 19:26:28,371] [INFO] [bingSearches.py] [Line 19] Searching... 33 / 34
[MainThread] [2022-12-27 19:26:42,439] [INFO] [bingSearches.py] [Line 19] Searching... 34 / 34
[MainThread] [2022-12-27 19:26:58,178] [INFO] [exec_single_account.py] [Line 116] Successfully completed all PC searches
[MainThread] [2022-12-27 19:26:58,178] [INFO] [getDashboardData.py] [Line 24] loading dashboard data
[MainThread] [2022-12-27 19:26:58,283] [CRITICAL] [getDashboardData.py] [Line 31] Unable to load dashboard data. Expecting value: line 1 column 1 (char 0)
[MainThread] [2022-12-27 19:26:58,283] [CRITICAL] [getPointCount.py] [Line 23] Point count not available. Likely dashboard data has changed. 'NoneType' object has no attribute 'get'
[MainThread] [2022-12-27 19:27:00,338] [INFO] [exec_single_account.py] [Line 120] Closing Point Total: 0
[MainThread] [2022-12-27 19:28:21,150] [INFO] [main.py] [Line 38] Loaded ./configuration.yaml into config SimpleNamespace
[MainThread] [2022-12-27 19:28:21,150] [INFO] [main.py] [Line 40] Connection to database (http://localhost:8090) was successful.
[MainThread] [2022-12-27 19:28:23,210] [INFO] [exec_single_account.py] [Line 26] Current Account: id='gf8zfvivkns26m3' email='aryan@aryankothari.dev' password='r##8cy@Ky7b8c?!i' points=445 lastExec=datetime.datetime(2022, 12, 30, 12, 0, tzinfo=datetime.timezone.utc)
[MainThread] [2022-12-27 19:28:24,256] [INFO] [exec_single_account.py] [Line 33] Attempting login...
[MainThread] [2022-12-27 19:28:24,256] [INFO] [login.py] [Line 72] Navigating to https://login.live.com/
[MainThread] [2022-12-27 19:28:25,250] [INFO] [login.py] [Line 82] Writing email...
[MainThread] [2022-12-27 19:28:27,355] [INFO] [login.py] [Line 114] Writing password...
[MainThread] [2022-12-27 19:28:32,576] [INFO] [login.py] [Line 131] Passing security checks...
[MainThread] [2022-12-27 19:28:32,583] [WARNING] [login.py] [Line 135] iLandingViewAction element is unreachable.. Message: Message: no such element: Unable to locate element: {"method":"css selector","selector":"[id="iLandingViewAction"]"}
  (Session info: chrome=108.0.5359.125)
Stacktrace:
Backtrace:
	(No symbol) [0x00FDF243]
	(No symbol) [0x00F67FD1]
	(No symbol) [0x00E5D04D]
	(No symbol) [0x00E8C0B0]
	(No symbol) [0x00E8C22B]
	(No symbol) [0x00EBE612]
	(No symbol) [0x00EA85D4]
	(No symbol) [0x00EBC9EB]
	(No symbol) [0x00EA8386]
	(No symbol) [0x00E8163C]
	(No symbol) [0x00E8269D]
	GetHandleVerifier [0x01279A22+2655074]
	GetHandleVerifier [0x0126CA24+2601828]
	GetHandleVerifier [0x01088C0A+619850]
	GetHandleVerifier [0x01087830+614768]
	(No symbol) [0x00F705FC]
	(No symbol) [0x00F75968]
	(No symbol) [0x00F75A55]
	(No symbol) [0x00F8051B]
	BaseThreadInitThunk [0x75017BA9+25]
	RtlInitializeExceptionChain [0x7732BB3B+107]
	RtlClearBits [0x7732BABF+191]

[MainThread] [2022-12-27 19:28:32,590] [WARNING] [login.py] [Line 139] iNext element is unreachable.. Message: Message: no such element: Unable to locate element: {"method":"css selector","selector":"[id="iNext"]"}
  (Session info: chrome=108.0.5359.125)
Stacktrace:
Backtrace:
	(No symbol) [0x00FDF243]
	(No symbol) [0x00F67FD1]
	(No symbol) [0x00E5D04D]
	(No symbol) [0x00E8C0B0]
	(No symbol) [0x00E8C22B]
	(No symbol) [0x00EBE612]
	(No symbol) [0x00EA85D4]
	(No symbol) [0x00EBC9EB]
	(No symbol) [0x00EA8386]
	(No symbol) [0x00E8163C]
	(No symbol) [0x00E8269D]
	GetHandleVerifier [0x01279A22+2655074]
	GetHandleVerifier [0x0126CA24+2601828]
	GetHandleVerifier [0x01088C0A+619850]
	GetHandleVerifier [0x01087830+614768]
	(No symbol) [0x00F705FC]
	(No symbol) [0x00F75968]
	(No symbol) [0x00F75A55]
	(No symbol) [0x00F8051B]
	BaseThreadInitThunk [0x75017BA9+25]
	RtlInitializeExceptionChain [0x7732BB3B+107]
	RtlClearBits [0x7732BABF+191]

[MainThread] [2022-12-27 19:28:41,386] [INFO] [login.py] [Line 160] Validating Bing login state...
[MainThread] [2022-12-27 19:28:41,559] [INFO] [checkBingLogin.py] [Line 102] Waiting for browser to load login evidence
[MainThread] [2022-12-27 19:28:42,218] [INFO] [exec_single_account.py] [Line 41] Successfully authenticated. 
[MainThread] [2022-12-27 19:28:42,218] [INFO] [exec_single_account.py] [Line 42] Navigating to https://account.microsoft.com/
[MainThread] [2022-12-27 19:28:55,644] [INFO] [isMicrosoftRewards.py] [Line 23] URL is valid.
[MainThread] [2022-12-27 19:28:55,644] [INFO] [getDashboardData.py] [Line 24] loading dashboard data
[MainThread] [2022-12-27 19:28:57,829] [INFO] [exec_single_account.py] [Line 57] Current Points: 445
[MainThread] [2022-12-27 19:28:59,524] [INFO] [exec_single_account.py] [Line 62] Setup complete. Starting point collection process.
[MainThread] [2022-12-27 19:28:59,524] [INFO] [exec_single_account.py] [Line 65] (1/5) Completing DAILY SET
[MainThread] [2022-12-27 19:28:59,524] [INFO] [getDashboardData.py] [Line 24] loading dashboard data
[MainThread] [2022-12-27 19:28:59,706] [INFO] [completeDailySet.py] [Line 70] Successfully loaded correct dashboard data.
[MainThread] [2022-12-27 19:28:59,706] [INFO] [exec_single_account.py] [Line 71] Successfully completed DAILY SET
[MainThread] [2022-12-27 19:28:59,706] [INFO] [exec_single_account.py] [Line 74] (2/5) Completing PUNCH CARDS
[MainThread] [2022-12-27 19:28:59,876] [INFO] [completePunchCards.py] [Line 47] Completing single punch card
[MainThread] [2022-12-27 19:28:59,876] [INFO] [completePunchCard.py] [Line 52] Navigating to punch card url: https://rewards.microsoft.com/dashboard/ENCA_pcparent_FY23Christmas_punchcard
[MainThread] [2022-12-27 19:29:01,269] [INFO] [completePunchCard.py] [Line 55] Completing single childPromotion
[MainThread] [2022-12-27 19:29:10,376] [CRITICAL] [completePunchCards.py] [Line 59] Uncaught exception in completing punch cards. Likely malformed data. Resetting tabs
[MainThread] [2022-12-27 19:29:13,575] [INFO] [completePunchCards.py] [Line 47] Completing single punch card
[MainThread] [2022-12-27 19:29:13,575] [INFO] [completePunchCard.py] [Line 52] Navigating to punch card url: https://rewards.microsoft.com/dashboard/ENCA_xboxapp_pcparent_MoviesandTV_Dec_2022
[MainThread] [2022-12-27 19:29:14,027] [INFO] [completePunchCard.py] [Line 55] Completing single childPromotion
[MainThread] [2022-12-27 19:29:14,027] [INFO] [completePunchCard.py] [Line 55] Completing single childPromotion
[MainThread] [2022-12-27 19:29:14,027] [INFO] [completePunchCard.py] [Line 55] Completing single childPromotion
[MainThread] [2022-12-27 19:29:14,027] [INFO] [completePunchCards.py] [Line 47] Completing single punch card
[MainThread] [2022-12-27 19:29:14,027] [INFO] [completePunchCard.py] [Line 52] Navigating to punch card url: https://rewards.microsoft.com/dashboard/ENCA_xboxapp_pcparent_CSDec22_punchcard
[MainThread] [2022-12-27 19:29:14,514] [INFO] [completePunchCard.py] [Line 55] Completing single childPromotion
[MainThread] [2022-12-27 19:29:14,515] [INFO] [completePunchCard.py] [Line 55] Completing single childPromotion
[MainThread] [2022-12-27 19:29:14,515] [INFO] [completePunchCard.py] [Line 55] Completing single childPromotion
[MainThread] [2022-12-27 19:29:16,515] [INFO] [completePunchCards.py] [Line 62] Returning home.
[MainThread] [2022-12-27 19:29:19,748] [INFO] [exec_single_account.py] [Line 80] Successfully completed PUNCH CARDS
[MainThread] [2022-12-27 19:29:19,748] [INFO] [exec_single_account.py] [Line 83] (3/5) Completing ADDITIONAL PROMOTIONS
[MainThread] [2022-12-27 19:29:19,933] [INFO] [completeMorePromotions.py] [Line 34] Looping promotions
[MainThread] [2022-12-27 19:29:19,933] [INFO] [exec_single_account.py] [Line 89] Successfully completed ADDITIONAL PROMOTIONS
[MainThread] [2022-12-27 19:29:19,933] [INFO] [getDashboardData.py] [Line 24] loading dashboard data
[MainThread] [2022-12-27 19:29:22,337] [INFO] [exec_single_account.py] [Line 102] Searches available: [desktop: 0 mobile: 20]
[MainThread] [2022-12-27 19:29:22,337] [WARNING] [exec_single_account.py] [Line 103] Unable to do mobile searches. Module is not implemented. 
[MainThread] [2022-12-27 19:29:23,838] [INFO] [getDashboardData.py] [Line 24] loading dashboard data
[MainThread] [2022-12-27 19:29:26,105] [INFO] [exec_single_account.py] [Line 121] Closing Point Total: 0
[MainThread] [2022-12-27 19:29:32,269] [INFO] [exec_single_account.py] [Line 26] Current Account: id='b0m2pob3uedr9a5' email='aryan_kothari@outlook.com' password='Arrk1174' points=0 lastExec=datetime.datetime(2022, 12, 22, 12, 0, tzinfo=datetime.timezone.utc)
[MainThread] [2022-12-27 19:29:33,318] [INFO] [exec_single_account.py] [Line 33] Attempting login...
[MainThread] [2022-12-27 19:29:33,318] [INFO] [login.py] [Line 72] Navigating to https://login.live.com/
[MainThread] [2022-12-27 19:29:34,259] [INFO] [login.py] [Line 82] Writing email...
[MainThread] [2022-12-27 19:29:36,354] [INFO] [login.py] [Line 114] Writing password...
[MainThread] [2022-12-27 19:29:41,578] [INFO] [login.py] [Line 131] Passing security checks...
[MainThread] [2022-12-27 19:29:41,586] [WARNING] [login.py] [Line 135] iLandingViewAction element is unreachable.. Message: Message: no such element: Unable to locate element: {"method":"css selector","selector":"[id="iLandingViewAction"]"}
  (Session info: chrome=108.0.5359.125)
Stacktrace:
Backtrace:
	(No symbol) [0x00FDF243]
	(No symbol) [0x00F67FD1]
	(No symbol) [0x00E5D04D]
	(No symbol) [0x00E8C0B0]
	(No symbol) [0x00E8C22B]
	(No symbol) [0x00EBE612]
	(No symbol) [0x00EA85D4]
	(No symbol) [0x00EBC9EB]
	(No symbol) [0x00EA8386]
	(No symbol) [0x00E8163C]
	(No symbol) [0x00E8269D]
	GetHandleVerifier [0x01279A22+2655074]
	GetHandleVerifier [0x0126CA24+2601828]
	GetHandleVerifier [0x01088C0A+619850]
	GetHandleVerifier [0x01087830+614768]
	(No symbol) [0x00F705FC]
	(No symbol) [0x00F75968]
	(No symbol) [0x00F75A55]
	(No symbol) [0x00F8051B]
	BaseThreadInitThunk [0x75017BA9+25]
	RtlInitializeExceptionChain [0x7732BB3B+107]
	RtlClearBits [0x7732BABF+191]

[MainThread] [2022-12-27 19:29:41,594] [WARNING] [login.py] [Line 139] iNext element is unreachable.. Message: Message: no such element: Unable to locate element: {"method":"css selector","selector":"[id="iNext"]"}
  (Session info: chrome=108.0.5359.125)
Stacktrace:
Backtrace:
	(No symbol) [0x00FDF243]
	(No symbol) [0x00F67FD1]
	(No symbol) [0x00E5D04D]
	(No symbol) [0x00E8C0B0]
	(No symbol) [0x00E8C22B]
	(No symbol) [0x00EBE612]
	(No symbol) [0x00EA85D4]
	(No symbol) [0x00EBC9EB]
	(No symbol) [0x00EA8386]
	(No symbol) [0x00E8163C]
	(No symbol) [0x00E8269D]
	GetHandleVerifier [0x01279A22+2655074]
	GetHandleVerifier [0x0126CA24+2601828]
	GetHandleVerifier [0x01088C0A+619850]
	GetHandleVerifier [0x01087830+614768]
	(No symbol) [0x00F705FC]
	(No symbol) [0x00F75968]
	(No symbol) [0x00F75A55]
	(No symbol) [0x00F8051B]
	BaseThreadInitThunk [0x75017BA9+25]
	RtlInitializeExceptionChain [0x7732BB3B+107]
	RtlClearBits [0x7732BABF+191]

[MainThread] [2022-12-27 19:29:49,431] [INFO] [login.py] [Line 160] Validating Bing login state...
[MainThread] [2022-12-27 19:29:49,619] [INFO] [checkBingLogin.py] [Line 102] Waiting for browser to load login evidence
[MainThread] [2022-12-27 19:29:50,300] [INFO] [exec_single_account.py] [Line 41] Successfully authenticated. 
[MainThread] [2022-12-27 19:29:50,300] [INFO] [exec_single_account.py] [Line 42] Navigating to https://account.microsoft.com/
[MainThread] [2022-12-27 19:30:03,587] [INFO] [isMicrosoftRewards.py] [Line 23] URL is valid.
[MainThread] [2022-12-27 19:30:03,587] [INFO] [getDashboardData.py] [Line 24] loading dashboard data
[MainThread] [2022-12-27 19:30:05,781] [INFO] [exec_single_account.py] [Line 57] Current Points: 427
[MainThread] [2022-12-27 19:30:07,037] [INFO] [exec_single_account.py] [Line 62] Setup complete. Starting point collection process.
[MainThread] [2022-12-27 19:30:07,038] [INFO] [exec_single_account.py] [Line 65] (1/5) Completing DAILY SET
[MainThread] [2022-12-27 19:30:07,038] [INFO] [getDashboardData.py] [Line 24] loading dashboard data
[MainThread] [2022-12-27 19:30:07,256] [INFO] [completeDailySet.py] [Line 70] Successfully loaded correct dashboard data.
[MainThread] [2022-12-27 19:30:07,256] [INFO] [completeDailySet.py] [Line 99] Completing quiz of card 2
[MainThread] [2022-12-27 19:32:08,295] [INFO] [completeDailySetQuiz.py] [Line 101] Switching windows
[MainThread] [2022-12-27 19:32:10,318] [INFO] [exec_single_account.py] [Line 71] Successfully completed DAILY SET
[MainThread] [2022-12-27 19:32:10,318] [INFO] [exec_single_account.py] [Line 74] (2/5) Completing PUNCH CARDS
[MainThread] [2022-12-27 19:32:10,470] [INFO] [completePunchCards.py] [Line 47] Completing single punch card
[MainThread] [2022-12-27 19:32:10,470] [INFO] [completePunchCard.py] [Line 52] Navigating to punch card url: https://rewards.microsoft.com/dashboard/ENCA_pcparent_FY23Christmas_punchcard
[MainThread] [2022-12-27 19:32:11,018] [INFO] [completePunchCard.py] [Line 55] Completing single childPromotion
[MainThread] [2022-12-27 19:32:20,115] [CRITICAL] [completePunchCards.py] [Line 59] Uncaught exception in completing punch cards. Likely malformed data. Resetting tabs
[MainThread] [2022-12-27 19:32:23,241] [INFO] [completePunchCards.py] [Line 47] Completing single punch card
[MainThread] [2022-12-27 19:32:23,241] [INFO] [completePunchCard.py] [Line 52] Navigating to punch card url: https://rewards.microsoft.com/dashboard/ENCA_xboxapp_pcparent_MoviesandTV_Dec_2022
[MainThread] [2022-12-27 19:32:23,685] [INFO] [completePunchCard.py] [Line 55] Completing single childPromotion
[MainThread] [2022-12-27 19:32:23,685] [INFO] [completePunchCard.py] [Line 55] Completing single childPromotion
[MainThread] [2022-12-27 19:32:23,685] [INFO] [completePunchCard.py] [Line 55] Completing single childPromotion
[MainThread] [2022-12-27 19:32:23,685] [INFO] [completePunchCards.py] [Line 47] Completing single punch card
[MainThread] [2022-12-27 19:32:23,685] [INFO] [completePunchCard.py] [Line 52] Navigating to punch card url: https://rewards.microsoft.com/dashboard/ENCA_xboxapp_pcparent_CSDec22_punchcard
[MainThread] [2022-12-27 19:32:24,382] [INFO] [completePunchCard.py] [Line 55] Completing single childPromotion
[MainThread] [2022-12-27 19:32:24,382] [INFO] [completePunchCard.py] [Line 55] Completing single childPromotion
[MainThread] [2022-12-27 19:32:24,382] [INFO] [completePunchCard.py] [Line 55] Completing single childPromotion
[MainThread] [2022-12-27 19:32:26,386] [INFO] [completePunchCards.py] [Line 62] Returning home.
[MainThread] [2022-12-27 19:32:29,539] [INFO] [exec_single_account.py] [Line 80] Successfully completed PUNCH CARDS
[MainThread] [2022-12-27 19:32:29,539] [INFO] [exec_single_account.py] [Line 83] (3/5) Completing ADDITIONAL PROMOTIONS
[MainThread] [2022-12-27 19:32:29,721] [INFO] [completeMorePromotions.py] [Line 34] Looping promotions
[MainThread] [2022-12-27 19:32:29,721] [INFO] [exec_single_account.py] [Line 89] Successfully completed ADDITIONAL PROMOTIONS
[MainThread] [2022-12-27 19:32:29,722] [INFO] [getDashboardData.py] [Line 24] loading dashboard data
[MainThread] [2022-12-27 19:32:32,096] [INFO] [exec_single_account.py] [Line 102] Searches available: [desktop: 0 mobile: 20]
[MainThread] [2022-12-27 19:32:32,096] [WARNING] [exec_single_account.py] [Line 103] Unable to do mobile searches. Module is not implemented. 
[MainThread] [2022-12-27 19:32:33,436] [INFO] [getDashboardData.py] [Line 24] loading dashboard data
[MainThread] [2022-12-27 19:32:35,702] [INFO] [exec_single_account.py] [Line 121] Closing Point Total: 0
[MainThread] [2022-12-27 19:33:38,653] [INFO] [main.py] [Line 38] Loaded ./configuration.yaml into config SimpleNamespace
[MainThread] [2022-12-27 19:33:38,653] [INFO] [main.py] [Line 40] Connection to database (http://localhost:8090) was successful.
[MainThread] [2022-12-27 19:33:50,152] [INFO] [main.py] [Line 38] Loaded ./configuration.yaml into config SimpleNamespace
[MainThread] [2022-12-27 19:33:50,152] [INFO] [main.py] [Line 40] Connection to database (http://localhost:8090) was successful.
[MainThread] [2022-12-27 19:33:52,185] [INFO] [exec_single_account.py] [Line 25] Current Account: id='gf8zfvivkns26m3' email='aryan@aryankothari.dev' password='r##8cy@Ky7b8c?!i' points=445 lastExec=datetime.datetime(2022, 12, 30, 12, 0, tzinfo=datetime.timezone.utc)
[MainThread] [2022-12-27 19:33:53,220] [INFO] [exec_single_account.py] [Line 32] Attempting login...
[MainThread] [2022-12-27 19:33:53,220] [INFO] [login.py] [Line 72] Navigating to https://login.live.com/
[MainThread] [2022-12-27 19:33:54,333] [INFO] [login.py] [Line 82] Writing email...
[MainThread] [2022-12-27 19:33:56,419] [INFO] [login.py] [Line 114] Writing password...
[MainThread] [2022-12-27 19:34:01,675] [INFO] [login.py] [Line 131] Passing security checks...
[MainThread] [2022-12-27 19:34:01,682] [WARNING] [login.py] [Line 135] iLandingViewAction element is unreachable.. Message: Message: no such element: Unable to locate element: {"method":"css selector","selector":"[id="iLandingViewAction"]"}
  (Session info: chrome=108.0.5359.125)
Stacktrace:
Backtrace:
	(No symbol) [0x00FDF243]
	(No symbol) [0x00F67FD1]
	(No symbol) [0x00E5D04D]
	(No symbol) [0x00E8C0B0]
	(No symbol) [0x00E8C22B]
	(No symbol) [0x00EBE612]
	(No symbol) [0x00EA85D4]
	(No symbol) [0x00EBC9EB]
	(No symbol) [0x00EA8386]
	(No symbol) [0x00E8163C]
	(No symbol) [0x00E8269D]
	GetHandleVerifier [0x01279A22+2655074]
	GetHandleVerifier [0x0126CA24+2601828]
	GetHandleVerifier [0x01088C0A+619850]
	GetHandleVerifier [0x01087830+614768]
	(No symbol) [0x00F705FC]
	(No symbol) [0x00F75968]
	(No symbol) [0x00F75A55]
	(No symbol) [0x00F8051B]
	BaseThreadInitThunk [0x75017BA9+25]
	RtlInitializeExceptionChain [0x7732BB3B+107]
	RtlClearBits [0x7732BABF+191]

[MainThread] [2022-12-27 19:34:01,687] [WARNING] [login.py] [Line 139] iNext element is unreachable.. Message: Message: no such element: Unable to locate element: {"method":"css selector","selector":"[id="iNext"]"}
  (Session info: chrome=108.0.5359.125)
Stacktrace:
Backtrace:
	(No symbol) [0x00FDF243]
	(No symbol) [0x00F67FD1]
	(No symbol) [0x00E5D04D]
	(No symbol) [0x00E8C0B0]
	(No symbol) [0x00E8C22B]
	(No symbol) [0x00EBE612]
	(No symbol) [0x00EA85D4]
	(No symbol) [0x00EBC9EB]
	(No symbol) [0x00EA8386]
	(No symbol) [0x00E8163C]
	(No symbol) [0x00E8269D]
	GetHandleVerifier [0x01279A22+2655074]
	GetHandleVerifier [0x0126CA24+2601828]
	GetHandleVerifier [0x01088C0A+619850]
	GetHandleVerifier [0x01087830+614768]
	(No symbol) [0x00F705FC]
	(No symbol) [0x00F75968]
	(No symbol) [0x00F75A55]
	(No symbol) [0x00F8051B]
	BaseThreadInitThunk [0x75017BA9+25]
	RtlInitializeExceptionChain [0x7732BB3B+107]
	RtlClearBits [0x7732BABF+191]

[MainThread] [2022-12-27 19:34:10,447] [INFO] [login.py] [Line 160] Validating Bing login state...
[MainThread] [2022-12-27 19:34:10,624] [INFO] [checkBingLogin.py] [Line 102] Waiting for browser to load login evidence
[MainThread] [2022-12-27 19:34:11,321] [INFO] [exec_single_account.py] [Line 40] Successfully authenticated. 
[MainThread] [2022-12-27 19:34:11,322] [INFO] [exec_single_account.py] [Line 41] Navigating to https://account.microsoft.com/
[MainThread] [2022-12-27 19:34:26,016] [INFO] [isMicrosoftRewards.py] [Line 23] URL is valid.
[MainThread] [2022-12-27 19:34:26,016] [INFO] [getDashboardData.py] [Line 24] loading dashboard data
[MainThread] [2022-12-27 19:34:28,210] [INFO] [exec_single_account.py] [Line 56] Current Points: 445
[MainThread] [2022-12-27 19:34:34,343] [INFO] [exec_single_account.py] [Line 25] Current Account: id='b0m2pob3uedr9a5' email='aryan_kothari@outlook.com' password='Arrk1174' points=457 lastExec=datetime.datetime(2022, 12, 22, 12, 0, tzinfo=datetime.timezone.utc)
[MainThread] [2022-12-27 19:34:35,372] [INFO] [exec_single_account.py] [Line 32] Attempting login...
[MainThread] [2022-12-27 19:34:35,374] [INFO] [login.py] [Line 72] Navigating to https://login.live.com/
[MainThread] [2022-12-27 19:34:36,528] [INFO] [login.py] [Line 82] Writing email...
[MainThread] [2022-12-27 19:34:38,623] [INFO] [login.py] [Line 114] Writing password...
[MainThread] [2022-12-27 19:34:43,877] [INFO] [login.py] [Line 131] Passing security checks...
[MainThread] [2022-12-27 19:34:43,883] [WARNING] [login.py] [Line 135] iLandingViewAction element is unreachable.. Message: Message: no such element: Unable to locate element: {"method":"css selector","selector":"[id="iLandingViewAction"]"}
  (Session info: chrome=108.0.5359.125)
Stacktrace:
Backtrace:
	(No symbol) [0x00FDF243]
	(No symbol) [0x00F67FD1]
	(No symbol) [0x00E5D04D]
	(No symbol) [0x00E8C0B0]
	(No symbol) [0x00E8C22B]
	(No symbol) [0x00EBE612]
	(No symbol) [0x00EA85D4]
	(No symbol) [0x00EBC9EB]
	(No symbol) [0x00EA8386]
	(No symbol) [0x00E8163C]
	(No symbol) [0x00E8269D]
	GetHandleVerifier [0x01279A22+2655074]
	GetHandleVerifier [0x0126CA24+2601828]
	GetHandleVerifier [0x01088C0A+619850]
	GetHandleVerifier [0x01087830+614768]
	(No symbol) [0x00F705FC]
	(No symbol) [0x00F75968]
	(No symbol) [0x00F75A55]
	(No symbol) [0x00F8051B]
	BaseThreadInitThunk [0x75017BA9+25]
	RtlInitializeExceptionChain [0x7732BB3B+107]
	RtlClearBits [0x7732BABF+191]

[MainThread] [2022-12-27 19:34:43,890] [WARNING] [login.py] [Line 139] iNext element is unreachable.. Message: Message: no such element: Unable to locate element: {"method":"css selector","selector":"[id="iNext"]"}
  (Session info: chrome=108.0.5359.125)
Stacktrace:
Backtrace:
	(No symbol) [0x00FDF243]
	(No symbol) [0x00F67FD1]
	(No symbol) [0x00E5D04D]
	(No symbol) [0x00E8C0B0]
	(No symbol) [0x00E8C22B]
	(No symbol) [0x00EBE612]
	(No symbol) [0x00EA85D4]
	(No symbol) [0x00EBC9EB]
	(No symbol) [0x00EA8386]
	(No symbol) [0x00E8163C]
	(No symbol) [0x00E8269D]
	GetHandleVerifier [0x01279A22+2655074]
	GetHandleVerifier [0x0126CA24+2601828]
	GetHandleVerifier [0x01088C0A+619850]
	GetHandleVerifier [0x01087830+614768]
	(No symbol) [0x00F705FC]
	(No symbol) [0x00F75968]
	(No symbol) [0x00F75A55]
	(No symbol) [0x00F8051B]
	BaseThreadInitThunk [0x75017BA9+25]
	RtlInitializeExceptionChain [0x7732BB3B+107]
	RtlClearBits [0x7732BABF+191]

[MainThread] [2022-12-27 19:34:51,924] [INFO] [login.py] [Line 160] Validating Bing login state...
[MainThread] [2022-12-27 19:34:52,085] [INFO] [checkBingLogin.py] [Line 102] Waiting for browser to load login evidence
[MainThread] [2022-12-27 19:34:52,763] [INFO] [exec_single_account.py] [Line 40] Successfully authenticated. 
[MainThread] [2022-12-27 19:34:52,763] [INFO] [exec_single_account.py] [Line 41] Navigating to https://account.microsoft.com/
[MainThread] [2022-12-27 19:35:06,013] [INFO] [isMicrosoftRewards.py] [Line 23] URL is valid.
[MainThread] [2022-12-27 19:35:06,013] [INFO] [getDashboardData.py] [Line 24] loading dashboard data
[MainThread] [2022-12-27 19:35:08,204] [INFO] [exec_single_account.py] [Line 56] Current Points: 457
[MainThread] [2022-12-27 19:35:14,347] [INFO] [exec_single_account.py] [Line 25] Current Account: id='ind9hdlsce6ypp2' email='hehearya@hotmail.com' password='L9rC6oT5$LEqieKY' points=0 lastExec=datetime.datetime(2022, 12, 1, 12, 0, tzinfo=datetime.timezone.utc)
[MainThread] [2022-12-27 19:35:15,379] [INFO] [exec_single_account.py] [Line 32] Attempting login...
[MainThread] [2022-12-27 19:35:15,379] [INFO] [login.py] [Line 72] Navigating to https://login.live.com/
[MainThread] [2022-12-27 19:35:16,567] [INFO] [login.py] [Line 82] Writing email...
[MainThread] [2022-12-27 19:35:18,651] [INFO] [login.py] [Line 114] Writing password...
[MainThread] [2022-12-27 19:35:23,903] [INFO] [login.py] [Line 131] Passing security checks...
[MainThread] [2022-12-27 19:35:23,909] [WARNING] [login.py] [Line 135] iLandingViewAction element is unreachable.. Message: Message: no such element: Unable to locate element: {"method":"css selector","selector":"[id="iLandingViewAction"]"}
  (Session info: chrome=108.0.5359.125)
Stacktrace:
Backtrace:
	(No symbol) [0x00FDF243]
	(No symbol) [0x00F67FD1]
	(No symbol) [0x00E5D04D]
	(No symbol) [0x00E8C0B0]
	(No symbol) [0x00E8C22B]
	(No symbol) [0x00EBE612]
	(No symbol) [0x00EA85D4]
	(No symbol) [0x00EBC9EB]
	(No symbol) [0x00EA8386]
	(No symbol) [0x00E8163C]
	(No symbol) [0x00E8269D]
	GetHandleVerifier [0x01279A22+2655074]
	GetHandleVerifier [0x0126CA24+2601828]
	GetHandleVerifier [0x01088C0A+619850]
	GetHandleVerifier [0x01087830+614768]
	(No symbol) [0x00F705FC]
	(No symbol) [0x00F75968]
	(No symbol) [0x00F75A55]
	(No symbol) [0x00F8051B]
	BaseThreadInitThunk [0x75017BA9+25]
	RtlInitializeExceptionChain [0x7732BB3B+107]
	RtlClearBits [0x7732BABF+191]

[MainThread] [2022-12-27 19:35:23,916] [WARNING] [login.py] [Line 139] iNext element is unreachable.. Message: Message: no such element: Unable to locate element: {"method":"css selector","selector":"[id="iNext"]"}
  (Session info: chrome=108.0.5359.125)
Stacktrace:
Backtrace:
	(No symbol) [0x00FDF243]
	(No symbol) [0x00F67FD1]
	(No symbol) [0x00E5D04D]
	(No symbol) [0x00E8C0B0]
	(No symbol) [0x00E8C22B]
	(No symbol) [0x00EBE612]
	(No symbol) [0x00EA85D4]
	(No symbol) [0x00EBC9EB]
	(No symbol) [0x00EA8386]
	(No symbol) [0x00E8163C]
	(No symbol) [0x00E8269D]
	GetHandleVerifier [0x01279A22+2655074]
	GetHandleVerifier [0x0126CA24+2601828]
	GetHandleVerifier [0x01088C0A+619850]
	GetHandleVerifier [0x01087830+614768]
	(No symbol) [0x00F705FC]
	(No symbol) [0x00F75968]
	(No symbol) [0x00F75A55]
	(No symbol) [0x00F8051B]
	BaseThreadInitThunk [0x75017BA9+25]
	RtlInitializeExceptionChain [0x7732BB3B+107]
	RtlClearBits [0x7732BABF+191]

[MainThread] [2022-12-27 19:35:35,582] [INFO] [login.py] [Line 160] Validating Bing login state...
[MainThread] [2022-12-27 19:35:35,731] [INFO] [checkBingLogin.py] [Line 102] Waiting for browser to load login evidence
[MainThread] [2022-12-27 19:35:36,410] [INFO] [exec_single_account.py] [Line 40] Successfully authenticated. 
[MainThread] [2022-12-27 19:35:36,410] [INFO] [exec_single_account.py] [Line 41] Navigating to https://account.microsoft.com/
[MainThread] [2022-12-27 19:35:49,715] [INFO] [isMicrosoftRewards.py] [Line 23] URL is valid.
[MainThread] [2022-12-27 19:35:49,715] [INFO] [getDashboardData.py] [Line 24] loading dashboard data
[MainThread] [2022-12-27 19:35:49,755] [CRITICAL] [getDashboardData.py] [Line 31] Unable to load dashboard data. Expecting value: line 1 column 1 (char 0)
[MainThread] [2022-12-27 19:35:49,755] [CRITICAL] [getPointCount.py] [Line 23] Point count not available. Likely dashboard data has changed. 'NoneType' object has no attribute 'get'
[MainThread] [2022-12-27 19:35:51,797] [INFO] [exec_single_account.py] [Line 56] Current Points: 0
[MainThread] [2022-12-27 19:35:57,923] [INFO] [exec_single_account.py] [Line 25] Current Account: id='3e84e2ogpjtlr70' email='computerbox@outlook.com' password='SS56RdS9P$cyy$H1' points=0 lastExec=datetime.datetime(2022, 12, 18, 12, 0, tzinfo=datetime.timezone.utc)
[MainThread] [2022-12-27 19:35:59,031] [INFO] [exec_single_account.py] [Line 32] Attempting login...
[MainThread] [2022-12-27 19:35:59,031] [INFO] [login.py] [Line 72] Navigating to https://login.live.com/
[MainThread] [2022-12-27 19:36:00,170] [INFO] [login.py] [Line 82] Writing email...
[MainThread] [2022-12-27 19:36:02,265] [INFO] [login.py] [Line 114] Writing password...
[MainThread] [2022-12-27 19:36:07,528] [INFO] [login.py] [Line 131] Passing security checks...
[MainThread] [2022-12-27 19:36:07,534] [WARNING] [login.py] [Line 135] iLandingViewAction element is unreachable.. Message: Message: no such element: Unable to locate element: {"method":"css selector","selector":"[id="iLandingViewAction"]"}
  (Session info: chrome=108.0.5359.125)
Stacktrace:
Backtrace:
	(No symbol) [0x00FDF243]
	(No symbol) [0x00F67FD1]
	(No symbol) [0x00E5D04D]
	(No symbol) [0x00E8C0B0]
	(No symbol) [0x00E8C22B]
	(No symbol) [0x00EBE612]
	(No symbol) [0x00EA85D4]
	(No symbol) [0x00EBC9EB]
	(No symbol) [0x00EA8386]
	(No symbol) [0x00E8163C]
	(No symbol) [0x00E8269D]
	GetHandleVerifier [0x01279A22+2655074]
	GetHandleVerifier [0x0126CA24+2601828]
	GetHandleVerifier [0x01088C0A+619850]
	GetHandleVerifier [0x01087830+614768]
	(No symbol) [0x00F705FC]
	(No symbol) [0x00F75968]
	(No symbol) [0x00F75A55]
	(No symbol) [0x00F8051B]
	BaseThreadInitThunk [0x75017BA9+25]
	RtlInitializeExceptionChain [0x7732BB3B+107]
	RtlClearBits [0x7732BABF+191]

[MainThread] [2022-12-27 19:36:07,539] [WARNING] [login.py] [Line 139] iNext element is unreachable.. Message: Message: no such element: Unable to locate element: {"method":"css selector","selector":"[id="iNext"]"}
  (Session info: chrome=108.0.5359.125)
Stacktrace:
Backtrace:
	(No symbol) [0x00FDF243]
	(No symbol) [0x00F67FD1]
	(No symbol) [0x00E5D04D]
	(No symbol) [0x00E8C0B0]
	(No symbol) [0x00E8C22B]
	(No symbol) [0x00EBE612]
	(No symbol) [0x00EA85D4]
	(No symbol) [0x00EBC9EB]
	(No symbol) [0x00EA8386]
	(No symbol) [0x00E8163C]
	(No symbol) [0x00E8269D]
	GetHandleVerifier [0x01279A22+2655074]
	GetHandleVerifier [0x0126CA24+2601828]
	GetHandleVerifier [0x01088C0A+619850]
	GetHandleVerifier [0x01087830+614768]
	(No symbol) [0x00F705FC]
	(No symbol) [0x00F75968]
	(No symbol) [0x00F75A55]
	(No symbol) [0x00F8051B]
	BaseThreadInitThunk [0x75017BA9+25]
	RtlInitializeExceptionChain [0x7732BB3B+107]
	RtlClearBits [0x7732BABF+191]

[MainThread] [2022-12-27 19:36:15,232] [INFO] [login.py] [Line 160] Validating Bing login state...
[MainThread] [2022-12-27 19:36:15,402] [INFO] [checkBingLogin.py] [Line 102] Waiting for browser to load login evidence
[MainThread] [2022-12-27 19:36:16,058] [INFO] [exec_single_account.py] [Line 40] Successfully authenticated. 
[MainThread] [2022-12-27 19:36:16,058] [INFO] [exec_single_account.py] [Line 41] Navigating to https://account.microsoft.com/
[MainThread] [2022-12-27 19:36:29,575] [INFO] [isMicrosoftRewards.py] [Line 23] URL is valid.
[MainThread] [2022-12-27 19:36:29,575] [INFO] [getDashboardData.py] [Line 24] loading dashboard data
[MainThread] [2022-12-27 19:36:31,756] [INFO] [exec_single_account.py] [Line 56] Current Points: 1800
[Thread-9 (process_request_thread)] [2022-12-27 19:36:53,191] [INFO] [main.py] [Line 47] Serving index webpage.
[Thread-639 (process_request_thread)] [2022-12-27 19:53:03,203] [INFO] [main.py] [Line 47] Serving index webpage.
[MainThread] [2022-12-27 19:53:53,398] [INFO] [main.py] [Line 37] Loaded ./configuration.yaml into config SimpleNamespace
[MainThread] [2022-12-27 19:53:53,399] [INFO] [main.py] [Line 39] Connection to database (http://localhost:8090) was successful.
[MainThread] [2022-12-27 19:53:53,970] [INFO] [main.py] [Line 37] Loaded ./configuration.yaml into config SimpleNamespace
[MainThread] [2022-12-27 19:53:53,970] [INFO] [main.py] [Line 39] Connection to database (http://localhost:8090) was successful.
[Thread-77 (process_request_thread)] [2022-12-27 19:55:08,228] [INFO] [main.py] [Line 46] Serving index webpage.
[Thread-117 (process_request_thread)] [2022-12-27 19:55:42,210] [INFO] [main.py] [Line 46] Serving index webpage.
[Thread-150 (process_request_thread)] [2022-12-27 19:56:09,516] [INFO] [main.py] [Line 46] Serving index webpage.
[Thread-166 (process_request_thread)] [2022-12-27 19:56:19,623] [INFO] [main.py] [Line 46] Serving index webpage.
[Thread-190 (process_request_thread)] [2022-12-27 19:56:38,261] [INFO] [main.py] [Line 46] Serving index webpage.
[Thread-205 (process_request_thread)] [2022-12-27 19:56:46,988] [INFO] [main.py] [Line 46] Serving index webpage.
[Thread-240 (process_request_thread)] [2022-12-27 19:57:15,642] [INFO] [main.py] [Line 46] Serving index webpage.
[Thread-259 (process_request_thread)] [2022-12-27 19:57:28,370] [INFO] [main.py] [Line 46] Serving index webpage.
[Thread-278 (process_request_thread)] [2022-12-27 19:57:41,098] [INFO] [main.py] [Line 46] Serving index webpage.
[Thread-295 (process_request_thread)] [2022-12-27 19:57:51,365] [INFO] [main.py] [Line 46] Serving index webpage.
[Thread-373 (process_request_thread)] [2022-12-27 19:59:04,087] [INFO] [main.py] [Line 46] Serving index webpage.
[Thread-405 (process_request_thread)] [2022-12-27 19:59:29,356] [INFO] [main.py] [Line 46] Serving index webpage.
[Thread-565 (process_request_thread)] [2022-12-27 20:02:03,629] [INFO] [main.py] [Line 46] Serving index webpage.
[MainThread] [2022-12-27 20:02:42,240] [INFO] [main.py] [Line 37] Loaded ./configuration.yaml into config SimpleNamespace
[MainThread] [2022-12-27 20:02:42,240] [INFO] [main.py] [Line 39] Connection to database (http://localhost:8090) was successful.
[MainThread] [2022-12-27 23:59:54,629] [INFO] [main.py] [Line 37] Loaded ./configuration.yaml into config SimpleNamespace
[MainThread] [2022-12-27 23:59:54,629] [INFO] [main.py] [Line 39] Connection to database (http://localhost:8090) was successful.
[MainThread] [2022-12-27 23:59:55,227] [INFO] [main.py] [Line 37] Loaded ./configuration.yaml into config SimpleNamespace
[MainThread] [2022-12-27 23:59:55,227] [INFO] [main.py] [Line 39] Connection to database (http://localhost:8090) was successful.
[Thread-2 (process_request_thread)] [2022-12-28 00:00:43,906] [INFO] [main.py] [Line 46] Serving index webpage.
[MainThread] [2022-12-28 00:02:14,382] [INFO] [main.py] [Line 37] Loaded ./configuration.yaml into config SimpleNamespace
[MainThread] [2022-12-28 00:02:14,382] [INFO] [main.py] [Line 39] Connection to database (http://localhost:8090) was successful.
[Thread-7 (process_request_thread)] [2022-12-28 00:02:19,292] [INFO] [main.py] [Line 46] Serving index webpage.
[Thread-263 (process_request_thread)] [2022-12-28 00:06:30,385] [INFO] [main.py] [Line 46] Serving index webpage.
[Thread-316 (process_request_thread)] [2022-12-28 00:07:17,379] [INFO] [main.py] [Line 46] Serving index webpage.
[Thread-344 (process_request_thread)] [2022-12-28 00:07:39,616] [INFO] [main.py] [Line 46] Serving index webpage.
[Thread-394 (process_request_thread)] [2022-12-28 00:08:19,596] [INFO] [main.py] [Line 46] Serving index webpage.
[Thread-656 (process_request_thread)] [2022-12-28 00:12:29,668] [INFO] [main.py] [Line 46] Serving index webpage.
[Thread-704 (process_request_thread)] [2022-12-28 00:13:06,421] [INFO] [main.py] [Line 46] Serving index webpage.
[Thread-770 (process_request_thread)] [2022-12-28 00:14:03,454] [INFO] [main.py] [Line 46] Serving index webpage.
[Thread-907 (process_request_thread)] [2022-12-28 00:16:12,522] [INFO] [main.py] [Line 46] Serving index webpage.
[Thread-931 (process_request_thread)] [2022-12-28 00:16:31,032] [INFO] [main.py] [Line 46] Serving index webpage.
[Thread-942 (process_request_thread)] [2022-12-28 00:16:36,402] [INFO] [main.py] [Line 46] Serving index webpage.
[Thread-956 (process_request_thread)] [2022-12-28 00:16:44,692] [INFO] [main.py] [Line 46] Serving index webpage.
[Thread-979 (process_request_thread)] [2022-12-28 00:16:59,407] [INFO] [main.py] [Line 46] Serving index webpage.
[Thread-996 (process_request_thread)] [2022-12-28 00:17:07,667] [INFO] [main.py] [Line 46] Serving index webpage.
[Thread-1015 (process_request_thread)] [2022-12-28 00:17:18,654] [INFO] [main.py] [Line 46] Serving index webpage.
[Thread-1079 (process_request_thread)] [2022-12-28 00:18:12,970] [INFO] [main.py] [Line 46] Serving index webpage.
[Thread-1139 (process_request_thread)] [2022-12-28 00:19:05,538] [INFO] [main.py] [Line 46] Serving index webpage.
[Thread-1204 (process_request_thread)] [2022-12-28 00:20:04,549] [INFO] [main.py] [Line 46] Serving index webpage.
[Thread-1220 (process_request_thread)] [2022-12-28 00:20:15,169] [INFO] [main.py] [Line 46] Serving index webpage.
[MainThread] [2022-12-28 00:21:52,584] [INFO] [main.py] [Line 37] Loaded ./configuration.yaml into config SimpleNamespace
[MainThread] [2022-12-28 00:21:52,584] [INFO] [main.py] [Line 39] Connection to database (http://localhost:8090) was successful.
[MainThread] [2022-12-28 00:21:53,181] [INFO] [main.py] [Line 37] Loaded ./configuration.yaml into config SimpleNamespace
[MainThread] [2022-12-28 00:21:53,181] [INFO] [main.py] [Line 39] Connection to database (http://localhost:8090) was successful.
[Thread-8 (process_request_thread)] [2022-12-28 00:21:59,425] [INFO] [main.py] [Line 46] Serving index webpage.
[Thread-20 (process_request_thread)] [2022-12-28 00:22:07,924] [INFO] [main.py] [Line 46] Serving index webpage.
[MainThread] [2022-12-28 00:25:29,942] [INFO] [main.py] [Line 37] Loaded ./configuration.yaml into config SimpleNamespace
[MainThread] [2022-12-28 00:25:29,942] [INFO] [main.py] [Line 39] Connection to database (http://localhost:8090) was successful.
[MainThread] [2022-12-28 00:26:55,843] [INFO] [main.py] [Line 37] Loaded ./configuration.yaml into config SimpleNamespace
[MainThread] [2022-12-28 00:26:55,844] [INFO] [main.py] [Line 39] Connection to database (http://localhost:8090) was successful.
[MainThread] [2022-12-28 00:27:00,998] [INFO] [main.py] [Line 37] Loaded ./configuration.yaml into config SimpleNamespace
[MainThread] [2022-12-28 00:27:00,998] [INFO] [main.py] [Line 39] Connection to database (http://localhost:8090) was successful.
[MainThread] [2022-12-28 00:27:01,549] [INFO] [main.py] [Line 37] Loaded ./configuration.yaml into config SimpleNamespace
[MainThread] [2022-12-28 00:27:01,549] [INFO] [main.py] [Line 39] Connection to database (http://localhost:8090) was successful.
[MainThread] [2022-12-28 00:27:07,487] [INFO] [main.py] [Line 37] Loaded ./configuration.yaml into config SimpleNamespace
[MainThread] [2022-12-28 00:27:07,487] [INFO] [main.py] [Line 39] Connection to database (http://localhost:8090) was successful.
[MainThread] [2022-12-28 00:27:10,220] [INFO] [main.py] [Line 37] Loaded ./configuration.yaml into config SimpleNamespace
[MainThread] [2022-12-28 00:27:10,220] [INFO] [main.py] [Line 39] Connection to database (http://localhost:8090) was successful.
[Thread-25 (process_request_thread)] [2022-12-28 00:27:34,682] [INFO] [main.py] [Line 46] Serving index webpage.
[MainThread] [2022-12-28 00:29:05,792] [INFO] [main.py] [Line 37] Loaded ./configuration.yaml into config SimpleNamespace
[MainThread] [2022-12-28 00:29:05,792] [INFO] [main.py] [Line 39] Connection to database (http://localhost:8090) was successful.
[Thread-4 (process_request_thread)] [2022-12-28 00:29:13,015] [INFO] [main.py] [Line 46] Serving index webpage.
[aryan@aryankothari.dev] [2022-12-28 00:29:19,539] [INFO] [exec_single_account.py] [Line 25] Current Account: id='gf8zfvivkns26m3' email='aryan@aryankothari.dev' password='r##8cy@Ky7b8c?!i' points=445 lastExec=datetime.datetime(2022, 12, 30, 12, 0, tzinfo=datetime.timezone.utc)
[aryan@aryankothari.dev] [2022-12-28 00:29:20,838] [INFO] [exec_single_account.py] [Line 32] Attempting login...
[aryan@aryankothari.dev] [2022-12-28 00:29:20,838] [INFO] [login.py] [Line 72] Navigating to https://login.live.com/
[aryan@aryankothari.dev] [2022-12-28 00:29:22,003] [INFO] [login.py] [Line 82] Writing email...
[aryan@aryankothari.dev] [2022-12-28 00:29:24,090] [INFO] [login.py] [Line 114] Writing password...
[Thread-19 (process_request_thread)] [2022-12-28 00:29:27,672] [INFO] [main.py] [Line 46] Serving index webpage.
[aryan@aryankothari.dev] [2022-12-28 00:29:29,342] [INFO] [login.py] [Line 131] Passing security checks...
[aryan@aryankothari.dev] [2022-12-28 00:29:29,349] [WARNING] [login.py] [Line 135] iLandingViewAction element is unreachable.. Message: Message: no such element: Unable to locate element: {"method":"css selector","selector":"[id="iLandingViewAction"]"}
  (Session info: chrome=108.0.5359.125)
Stacktrace:
Backtrace:
	(No symbol) [0x00FDF243]
	(No symbol) [0x00F67FD1]
	(No symbol) [0x00E5D04D]
	(No symbol) [0x00E8C0B0]
	(No symbol) [0x00E8C22B]
	(No symbol) [0x00EBE612]
	(No symbol) [0x00EA85D4]
	(No symbol) [0x00EBC9EB]
	(No symbol) [0x00EA8386]
	(No symbol) [0x00E8163C]
	(No symbol) [0x00E8269D]
	GetHandleVerifier [0x01279A22+2655074]
	GetHandleVerifier [0x0126CA24+2601828]
	GetHandleVerifier [0x01088C0A+619850]
	GetHandleVerifier [0x01087830+614768]
	(No symbol) [0x00F705FC]
	(No symbol) [0x00F75968]
	(No symbol) [0x00F75A55]
	(No symbol) [0x00F8051B]
	BaseThreadInitThunk [0x75017BA9+25]
	RtlInitializeExceptionChain [0x7732BB3B+107]
	RtlClearBits [0x7732BABF+191]

[aryan@aryankothari.dev] [2022-12-28 00:29:29,354] [WARNING] [login.py] [Line 139] iNext element is unreachable.. Message: Message: no such element: Unable to locate element: {"method":"css selector","selector":"[id="iNext"]"}
  (Session info: chrome=108.0.5359.125)
Stacktrace:
Backtrace:
	(No symbol) [0x00FDF243]
	(No symbol) [0x00F67FD1]
	(No symbol) [0x00E5D04D]
	(No symbol) [0x00E8C0B0]
	(No symbol) [0x00E8C22B]
	(No symbol) [0x00EBE612]
	(No symbol) [0x00EA85D4]
	(No symbol) [0x00EBC9EB]
	(No symbol) [0x00EA8386]
	(No symbol) [0x00E8163C]
	(No symbol) [0x00E8269D]
	GetHandleVerifier [0x01279A22+2655074]
	GetHandleVerifier [0x0126CA24+2601828]
	GetHandleVerifier [0x01088C0A+619850]
	GetHandleVerifier [0x01087830+614768]
	(No symbol) [0x00F705FC]
	(No symbol) [0x00F75968]
	(No symbol) [0x00F75A55]
	(No symbol) [0x00F8051B]
	BaseThreadInitThunk [0x75017BA9+25]
	RtlInitializeExceptionChain [0x7732BB3B+107]
	RtlClearBits [0x7732BABF+191]

[aryan@aryankothari.dev] [2022-12-28 00:29:37,331] [INFO] [login.py] [Line 160] Validating Bing login state...
[aryan@aryankothari.dev] [2022-12-28 00:29:37,506] [INFO] [checkBingLogin.py] [Line 102] Waiting for browser to load login evidence
[aryan@aryankothari.dev] [2022-12-28 00:29:38,143] [INFO] [exec_single_account.py] [Line 40] Successfully authenticated. 
[aryan@aryankothari.dev] [2022-12-28 00:29:38,143] [INFO] [exec_single_account.py] [Line 41] Navigating to https://account.microsoft.com/
[aryan@aryankothari.dev] [2022-12-28 00:29:51,975] [INFO] [isMicrosoftRewards.py] [Line 23] URL is valid.
[aryan@aryankothari.dev] [2022-12-28 00:29:51,975] [INFO] [getDashboardData.py] [Line 24] loading dashboard data
[aryan@aryankothari.dev] [2022-12-28 00:29:54,185] [INFO] [exec_single_account.py] [Line 56] Current Points: 445
[hehearya@hotmail.com] [2022-12-28 00:30:14,422] [INFO] [exec_single_account.py] [Line 25] Current Account: id='ind9hdlsce6ypp2' email='hehearya@hotmail.com' password='L9rC6oT5$LEqieKY' points=0 lastExec=datetime.datetime(2022, 12, 1, 12, 0, tzinfo=datetime.timezone.utc)
[hehearya@hotmail.com] [2022-12-28 00:30:15,483] [INFO] [exec_single_account.py] [Line 32] Attempting login...
[hehearya@hotmail.com] [2022-12-28 00:30:15,483] [INFO] [login.py] [Line 72] Navigating to https://login.live.com/
[hehearya@hotmail.com] [2022-12-28 00:30:16,625] [INFO] [login.py] [Line 82] Writing email...
[hehearya@hotmail.com] [2022-12-28 00:30:18,725] [INFO] [login.py] [Line 114] Writing password...
[hehearya@hotmail.com] [2022-12-28 00:30:23,966] [INFO] [login.py] [Line 131] Passing security checks...
[hehearya@hotmail.com] [2022-12-28 00:30:23,973] [WARNING] [login.py] [Line 135] iLandingViewAction element is unreachable.. Message: Message: no such element: Unable to locate element: {"method":"css selector","selector":"[id="iLandingViewAction"]"}
  (Session info: chrome=108.0.5359.125)
Stacktrace:
Backtrace:
	(No symbol) [0x00FDF243]
	(No symbol) [0x00F67FD1]
	(No symbol) [0x00E5D04D]
	(No symbol) [0x00E8C0B0]
	(No symbol) [0x00E8C22B]
	(No symbol) [0x00EBE612]
	(No symbol) [0x00EA85D4]
	(No symbol) [0x00EBC9EB]
	(No symbol) [0x00EA8386]
	(No symbol) [0x00E8163C]
	(No symbol) [0x00E8269D]
	GetHandleVerifier [0x01279A22+2655074]
	GetHandleVerifier [0x0126CA24+2601828]
	GetHandleVerifier [0x01088C0A+619850]
	GetHandleVerifier [0x01087830+614768]
	(No symbol) [0x00F705FC]
	(No symbol) [0x00F75968]
	(No symbol) [0x00F75A55]
	(No symbol) [0x00F8051B]
	BaseThreadInitThunk [0x75017BA9+25]
	RtlInitializeExceptionChain [0x7732BB3B+107]
	RtlClearBits [0x7732BABF+191]

[hehearya@hotmail.com] [2022-12-28 00:30:23,979] [WARNING] [login.py] [Line 139] iNext element is unreachable.. Message: Message: no such element: Unable to locate element: {"method":"css selector","selector":"[id="iNext"]"}
  (Session info: chrome=108.0.5359.125)
Stacktrace:
Backtrace:
	(No symbol) [0x00FDF243]
	(No symbol) [0x00F67FD1]
	(No symbol) [0x00E5D04D]
	(No symbol) [0x00E8C0B0]
	(No symbol) [0x00E8C22B]
	(No symbol) [0x00EBE612]
	(No symbol) [0x00EA85D4]
	(No symbol) [0x00EBC9EB]
	(No symbol) [0x00EA8386]
	(No symbol) [0x00E8163C]
	(No symbol) [0x00E8269D]
	GetHandleVerifier [0x01279A22+2655074]
	GetHandleVerifier [0x0126CA24+2601828]
	GetHandleVerifier [0x01088C0A+619850]
	GetHandleVerifier [0x01087830+614768]
	(No symbol) [0x00F705FC]
	(No symbol) [0x00F75968]
	(No symbol) [0x00F75A55]
	(No symbol) [0x00F8051B]
	BaseThreadInitThunk [0x75017BA9+25]
	RtlInitializeExceptionChain [0x7732BB3B+107]
	RtlClearBits [0x7732BABF+191]

[hehearya@hotmail.com] [2022-12-28 00:30:31,848] [INFO] [login.py] [Line 160] Validating Bing login state...
[hehearya@hotmail.com] [2022-12-28 00:30:31,991] [INFO] [checkBingLogin.py] [Line 102] Waiting for browser to load login evidence
[hehearya@hotmail.com] [2022-12-28 00:30:33,144] [INFO] [exec_single_account.py] [Line 40] Successfully authenticated. 
[hehearya@hotmail.com] [2022-12-28 00:30:33,144] [INFO] [exec_single_account.py] [Line 41] Navigating to https://account.microsoft.com/
[hehearya@hotmail.com] [2022-12-28 00:30:46,386] [INFO] [isMicrosoftRewards.py] [Line 23] URL is valid.
[hehearya@hotmail.com] [2022-12-28 00:30:46,386] [INFO] [getDashboardData.py] [Line 24] loading dashboard data
[hehearya@hotmail.com] [2022-12-28 00:30:46,410] [CRITICAL] [getDashboardData.py] [Line 31] Unable to load dashboard data. Expecting value: line 1 column 1 (char 0)
[hehearya@hotmail.com] [2022-12-28 00:30:46,410] [CRITICAL] [getPointCount.py] [Line 23] Point count not available. Likely dashboard data has changed. 'NoneType' object has no attribute 'get'
[hehearya@hotmail.com] [2022-12-28 00:30:48,455] [INFO] [exec_single_account.py] [Line 56] Current Points: 0
[hehearya@hotmail.com] [2022-12-28 00:30:58,869] [INFO] [exec_single_account.py] [Line 25] Current Account: id='ind9hdlsce6ypp2' email='hehearya@hotmail.com' password='L9rC6oT5$LEqieKY' points=0 lastExec=datetime.datetime(2022, 12, 1, 12, 0, tzinfo=datetime.timezone.utc)
[hehearya@hotmail.com] [2022-12-28 00:30:59,933] [INFO] [exec_single_account.py] [Line 32] Attempting login...
[hehearya@hotmail.com] [2022-12-28 00:30:59,933] [INFO] [login.py] [Line 72] Navigating to https://login.live.com/
[hehearya@hotmail.com] [2022-12-28 00:31:01,049] [INFO] [login.py] [Line 82] Writing email...
[hehearya@hotmail.com] [2022-12-28 00:31:03,140] [INFO] [login.py] [Line 114] Writing password...
[hehearya@hotmail.com] [2022-12-28 00:31:08,400] [INFO] [login.py] [Line 131] Passing security checks...
[hehearya@hotmail.com] [2022-12-28 00:31:08,406] [WARNING] [login.py] [Line 135] iLandingViewAction element is unreachable.. Message: Message: no such element: Unable to locate element: {"method":"css selector","selector":"[id="iLandingViewAction"]"}
  (Session info: chrome=108.0.5359.125)
Stacktrace:
Backtrace:
	(No symbol) [0x00FDF243]
	(No symbol) [0x00F67FD1]
	(No symbol) [0x00E5D04D]
	(No symbol) [0x00E8C0B0]
	(No symbol) [0x00E8C22B]
	(No symbol) [0x00EBE612]
	(No symbol) [0x00EA85D4]
	(No symbol) [0x00EBC9EB]
	(No symbol) [0x00EA8386]
	(No symbol) [0x00E8163C]
	(No symbol) [0x00E8269D]
	GetHandleVerifier [0x01279A22+2655074]
	GetHandleVerifier [0x0126CA24+2601828]
	GetHandleVerifier [0x01088C0A+619850]
	GetHandleVerifier [0x01087830+614768]
	(No symbol) [0x00F705FC]
	(No symbol) [0x00F75968]
	(No symbol) [0x00F75A55]
	(No symbol) [0x00F8051B]
	BaseThreadInitThunk [0x75017BA9+25]
	RtlInitializeExceptionChain [0x7732BB3B+107]
	RtlClearBits [0x7732BABF+191]

[hehearya@hotmail.com] [2022-12-28 00:31:08,411] [WARNING] [login.py] [Line 139] iNext element is unreachable.. Message: Message: no such element: Unable to locate element: {"method":"css selector","selector":"[id="iNext"]"}
  (Session info: chrome=108.0.5359.125)
Stacktrace:
Backtrace:
	(No symbol) [0x00FDF243]
	(No symbol) [0x00F67FD1]
	(No symbol) [0x00E5D04D]
	(No symbol) [0x00E8C0B0]
	(No symbol) [0x00E8C22B]
	(No symbol) [0x00EBE612]
	(No symbol) [0x00EA85D4]
	(No symbol) [0x00EBC9EB]
	(No symbol) [0x00EA8386]
	(No symbol) [0x00E8163C]
	(No symbol) [0x00E8269D]
	GetHandleVerifier [0x01279A22+2655074]
	GetHandleVerifier [0x0126CA24+2601828]
	GetHandleVerifier [0x01088C0A+619850]
	GetHandleVerifier [0x01087830+614768]
	(No symbol) [0x00F705FC]
	(No symbol) [0x00F75968]
	(No symbol) [0x00F75A55]
	(No symbol) [0x00F8051B]
	BaseThreadInitThunk [0x75017BA9+25]
	RtlInitializeExceptionChain [0x7732BB3B+107]
	RtlClearBits [0x7732BABF+191]

[hehearya@hotmail.com] [2022-12-28 00:31:16,265] [INFO] [login.py] [Line 160] Validating Bing login state...
[hehearya@hotmail.com] [2022-12-28 00:31:16,445] [INFO] [checkBingLogin.py] [Line 102] Waiting for browser to load login evidence
[hehearya@hotmail.com] [2022-12-28 00:31:17,062] [INFO] [exec_single_account.py] [Line 40] Successfully authenticated. 
[hehearya@hotmail.com] [2022-12-28 00:31:17,062] [INFO] [exec_single_account.py] [Line 41] Navigating to https://account.microsoft.com/
[hehearya@hotmail.com] [2022-12-28 00:31:31,354] [INFO] [isMicrosoftRewards.py] [Line 23] URL is valid.
[hehearya@hotmail.com] [2022-12-28 00:31:31,354] [INFO] [getDashboardData.py] [Line 24] loading dashboard data
[hehearya@hotmail.com] [2022-12-28 00:31:31,377] [CRITICAL] [getDashboardData.py] [Line 31] Unable to load dashboard data. Expecting value: line 1 column 1 (char 0)
[hehearya@hotmail.com] [2022-12-28 00:31:31,378] [CRITICAL] [getPointCount.py] [Line 23] Point count not available. Likely dashboard data has changed. 'NoneType' object has no attribute 'get'
[hehearya@hotmail.com] [2022-12-28 00:31:33,404] [INFO] [exec_single_account.py] [Line 56] Current Points: 0
[MainThread] [2022-12-28 00:34:15,717] [INFO] [main.py] [Line 37] Loaded ./configuration.yaml into config SimpleNamespace
[MainThread] [2022-12-28 00:34:15,717] [INFO] [main.py] [Line 39] Connection to database (http://localhost:8090) was successful.
[hehearya@hotmail.com] [2022-12-28 00:34:28,983] [INFO] [exec_single_account.py] [Line 25] Current Account: id='ind9hdlsce6ypp2' email='hehearya@hotmail.com' password='L9rC6oT5$LEqieKY' points=0 lastExec=datetime.datetime(2022, 12, 1, 12, 0, tzinfo=datetime.timezone.utc)
[hehearya@hotmail.com] [2022-12-28 00:34:30,025] [INFO] [exec_single_account.py] [Line 32] Attempting login...
[hehearya@hotmail.com] [2022-12-28 00:34:30,025] [INFO] [login.py] [Line 72] Navigating to https://login.live.com/
[hehearya@hotmail.com] [2022-12-28 00:34:31,174] [INFO] [login.py] [Line 82] Writing email...
[Thread-18 (process_request_thread)] [2022-12-28 00:34:33,067] [INFO] [main.py] [Line 46] Serving index webpage.
[hehearya@hotmail.com] [2022-12-28 00:34:33,267] [INFO] [login.py] [Line 114] Writing password...
[hehearya@hotmail.com] [2022-12-28 00:34:38,518] [INFO] [login.py] [Line 131] Passing security checks...
[hehearya@hotmail.com] [2022-12-28 00:34:38,524] [WARNING] [login.py] [Line 135] iLandingViewAction element is unreachable.. Message: Message: no such element: Unable to locate element: {"method":"css selector","selector":"[id="iLandingViewAction"]"}
  (Session info: chrome=108.0.5359.125)
Stacktrace:
Backtrace:
	(No symbol) [0x00FDF243]
	(No symbol) [0x00F67FD1]
	(No symbol) [0x00E5D04D]
	(No symbol) [0x00E8C0B0]
	(No symbol) [0x00E8C22B]
	(No symbol) [0x00EBE612]
	(No symbol) [0x00EA85D4]
	(No symbol) [0x00EBC9EB]
	(No symbol) [0x00EA8386]
	(No symbol) [0x00E8163C]
	(No symbol) [0x00E8269D]
	GetHandleVerifier [0x01279A22+2655074]
	GetHandleVerifier [0x0126CA24+2601828]
	GetHandleVerifier [0x01088C0A+619850]
	GetHandleVerifier [0x01087830+614768]
	(No symbol) [0x00F705FC]
	(No symbol) [0x00F75968]
	(No symbol) [0x00F75A55]
	(No symbol) [0x00F8051B]
	BaseThreadInitThunk [0x75017BA9+25]
	RtlInitializeExceptionChain [0x7732BB3B+107]
	RtlClearBits [0x7732BABF+191]

[hehearya@hotmail.com] [2022-12-28 00:34:38,530] [WARNING] [login.py] [Line 139] iNext element is unreachable.. Message: Message: no such element: Unable to locate element: {"method":"css selector","selector":"[id="iNext"]"}
  (Session info: chrome=108.0.5359.125)
Stacktrace:
Backtrace:
	(No symbol) [0x00FDF243]
	(No symbol) [0x00F67FD1]
	(No symbol) [0x00E5D04D]
	(No symbol) [0x00E8C0B0]
	(No symbol) [0x00E8C22B]
	(No symbol) [0x00EBE612]
	(No symbol) [0x00EA85D4]
	(No symbol) [0x00EBC9EB]
	(No symbol) [0x00EA8386]
	(No symbol) [0x00E8163C]
	(No symbol) [0x00E8269D]
	GetHandleVerifier [0x01279A22+2655074]
	GetHandleVerifier [0x0126CA24+2601828]
	GetHandleVerifier [0x01088C0A+619850]
	GetHandleVerifier [0x01087830+614768]
	(No symbol) [0x00F705FC]
	(No symbol) [0x00F75968]
	(No symbol) [0x00F75A55]
	(No symbol) [0x00F8051B]
	BaseThreadInitThunk [0x75017BA9+25]
	RtlInitializeExceptionChain [0x7732BB3B+107]
	RtlClearBits [0x7732BABF+191]

[hehearya@hotmail.com] [2022-12-28 00:34:46,471] [INFO] [login.py] [Line 160] Validating Bing login state...
[hehearya@hotmail.com] [2022-12-28 00:34:46,625] [INFO] [checkBingLogin.py] [Line 102] Waiting for browser to load login evidence
[hehearya@hotmail.com] [2022-12-28 00:34:47,229] [INFO] [exec_single_account.py] [Line 40] Successfully authenticated. 
[hehearya@hotmail.com] [2022-12-28 00:34:47,229] [INFO] [exec_single_account.py] [Line 41] Navigating to https://account.microsoft.com/
[hehearya@hotmail.com] [2022-12-28 00:35:00,422] [INFO] [isMicrosoftRewards.py] [Line 23] URL is valid.
[hehearya@hotmail.com] [2022-12-28 00:35:00,422] [INFO] [getDashboardData.py] [Line 24] loading dashboard data
[hehearya@hotmail.com] [2022-12-28 00:35:02,616] [INFO] [exec_single_account.py] [Line 56] Current Points: 1516
[hehearya@hotmail.com] [2022-12-28 00:35:03,958] [INFO] [exec_single_account.py] [Line 61] Setup complete. Starting point collection process.
[hehearya@hotmail.com] [2022-12-28 00:35:03,958] [INFO] [exec_single_account.py] [Line 64] (1/5) Completing DAILY SET
[hehearya@hotmail.com] [2022-12-28 00:35:03,958] [INFO] [getDashboardData.py] [Line 24] loading dashboard data
[hehearya@hotmail.com] [2022-12-28 00:35:04,157] [INFO] [completeDailySet.py] [Line 70] Successfully loaded correct dashboard data.
[hehearya@hotmail.com] [2022-12-28 00:35:04,157] [INFO] [completeDailySet.py] [Line 86] Completing search of card 1
[hehearya@hotmail.com] [2022-12-28 00:35:09,235] [INFO] [completeDailySetSearch.py] [Line 37] set search found by xpath - Success
[hehearya@hotmail.com] [2022-12-28 00:35:30,338] [INFO] [completeDailySet.py] [Line 99] Completing quiz of card 2
